INFO:root:Sheep moves from: (1.1175888769248843, 7.466535660185844) to: (1.1175888769248843, 7.466535660185844)
INFO:root:Sheep moves from: (3.623841045303916, 5.950096193120299) to: (3.623841045303916, 5.950096193120299)
INFO:root:Sheep moves from: (-4.068130146626565, -2.5244197442633283) to: (-4.068130146626565, -2.5244197442633283)
INFO:root:Sheep moves from: (-5.444285769233515, 9.449396732773337) to: (-5.444285769233515, 9.449396732773337)
INFO:root:Sheep moves from: (-1.8771598481642648, -8.185054120399935) to: (-1.8771598481642648, -8.185054120399935)
INFO:root:Sheep moves from: (4.510771174970051, -3.4460943297525226) to: (4.510771174970051, -3.4460943297525226)
INFO:root:Sheep moves from: (-2.4458866812391555, -3.355385266305886) to: (-2.4458866812391555, -3.355385266305886)
INFO:root:Sheep moves from: (8.252228442554177, -4.150836237085665) to: (8.252228442554177, -4.150836237085665)
INFO:root:Sheep moves from: (-0.8600775244936436, 9.843228583991944) to: (-0.8600775244936436, 9.843228583991944)
INFO:root:Sheep moves from: (7.868282568746714, 6.213582152093011) to: (7.868282568746714, 6.213582152093011)
INFO:root:Sheep moves from: (-1.076083640932179, 8.977521535131569) to: (-1.076083640932179, 8.977521535131569)
INFO:root:Sheep moves from: (2.7666375998138406, -9.22871176592185) to: (2.7666375998138406, -9.22871176592185)
INFO:root:Sheep moves from: (3.523748407920719, -7.499893854815177) to: (3.523748407920719, -7.499893854815177)
INFO:root:Sheep moves from: (-9.4759071716554, -0.11000585240452843) to: (-9.4759071716554, -0.11000585240452843)
INFO:root:Sheep moves from: (4.177649453816727, -6.35313547480215) to: (4.177649453816727, -6.35313547480215)
INFO:root:Wolf moves from: (-0.5890544749525836, -0.8080933272452733) to: (-0.5890544749525836, -0.8080933272452733)
INFO:root:Sheep moves from: (1.1175888769248843, 7.966535660185844) to: (1.1175888769248843, 7.966535660185844)
INFO:root:Sheep moves from: (4.123841045303916, 5.950096193120299) to: (4.123841045303916, 5.950096193120299)
INFO:root:Sheep moves from: (-3.568130146626565, -2.5244197442633283) to: (-3.568130146626565, -2.5244197442633283)
INFO:root:Sheep moves from: (-5.944285769233515, 9.449396732773337) to: (-5.944285769233515, 9.449396732773337)
INFO:root:Sheep moves from: (-2.377159848164265, -8.185054120399935) to: (-2.377159848164265, -8.185054120399935)
INFO:root:Sheep moves from: (5.010771174970051, -3.4460943297525226) to: (5.010771174970051, -3.4460943297525226)
INFO:root:Sheep moves from: (-1.9458866812391555, -3.355385266305886) to: (-1.9458866812391555, -3.355385266305886)
INFO:root:Sheep moves from: (7.752228442554177, -4.150836237085665) to: (7.752228442554177, -4.150836237085665)
INFO:root:Sheep moves from: (-0.3600775244936436, 9.843228583991944) to: (-0.3600775244936436, 9.843228583991944)
INFO:root:Sheep moves from: (8.368282568746714, 6.213582152093011) to: (8.368282568746714, 6.213582152093011)
INFO:root:Sheep moves from: (-1.076083640932179, 9.477521535131569) to: (-1.076083640932179, 9.477521535131569)
INFO:root:Sheep moves from: (2.7666375998138406, -9.72871176592185) to: (2.7666375998138406, -9.72871176592185)
INFO:root:Sheep moves from: (3.523748407920719, -7.999893854815177) to: (3.523748407920719, -7.999893854815177)
INFO:root:Sheep moves from: (-8.9759071716554, -0.11000585240452843) to: (-8.9759071716554, -0.11000585240452843)
INFO:root:Sheep moves from: (4.677649453816727, -6.35313547480215) to: (4.677649453816727, -6.35313547480215)
INFO:root:Wolf moves from: (-1.0591777228396972, -1.690694104378441) to: (-1.0591777228396972, -1.690694104378441)
INFO:root:Sheep moves from: (1.1175888769248843, 8.466535660185844) to: (1.1175888769248843, 8.466535660185844)
INFO:root:Sheep moves from: (3.623841045303916, 5.950096193120299) to: (3.623841045303916, 5.950096193120299)
INFO:root:Sheep moves from: (-3.568130146626565, -2.0244197442633283) to: (-3.568130146626565, -2.0244197442633283)
INFO:root:Sheep moves from: (-5.944285769233515, 8.949396732773337) to: (-5.944285769233515, 8.949396732773337)
INFO:root:Sheep moves from: (-2.877159848164265, -8.185054120399935) to: (-2.877159848164265, -8.185054120399935)
INFO:root:Sheep moves from: (4.510771174970051, -3.4460943297525226) to: (4.510771174970051, -3.4460943297525226)
INFO:root:Sheep moves from: (-2.4458866812391555, -3.355385266305886) to: (-2.4458866812391555, -3.355385266305886)
INFO:root:Sheep moves from: (7.752228442554177, -4.650836237085665) to: (7.752228442554177, -4.650836237085665)
INFO:root:Sheep moves from: (-0.3600775244936436, 9.343228583991944) to: (-0.3600775244936436, 9.343228583991944)
INFO:root:Sheep moves from: (7.868282568746714, 6.213582152093011) to: (7.868282568746714, 6.213582152093011)
INFO:root:Sheep moves from: (-0.576083640932179, 9.477521535131569) to: (-0.576083640932179, 9.477521535131569)
INFO:root:Sheep moves from: (2.7666375998138406, -10.22871176592185) to: (2.7666375998138406, -10.22871176592185)
INFO:root:Sheep moves from: (3.523748407920719, -8.499893854815177) to: (3.523748407920719, -8.499893854815177)
INFO:root:Sheep moves from: (-8.9759071716554, 0.3899941475954716) to: (-8.9759071716554, 0.3899941475954716)
INFO:root:Sheep moves from: (5.177649453816727, -6.35313547480215) to: (5.177649453816727, -6.35313547480215)
INFO:root:Wolf moves from: (-1.6992167420075042, -2.459036511084404) to: (-1.6992167420075042, -2.459036511084404)
INFO:root:Sheep moves from: (0.6175888769248843, 8.466535660185844) to: (0.6175888769248843, 8.466535660185844)
INFO:root:Sheep moves from: (3.623841045303916, 5.450096193120299) to: (3.623841045303916, 5.450096193120299)
INFO:root:Sheep moves from: (-4.068130146626565, -2.0244197442633283) to: (-4.068130146626565, -2.0244197442633283)
INFO:root:Sheep moves from: (-5.944285769233515, 8.449396732773337) to: (-5.944285769233515, 8.449396732773337)
INFO:root:Sheep moves from: (-2.877159848164265, -7.6850541203999345) to: (-2.877159848164265, -7.6850541203999345)
INFO:root:Sheep moves from: (5.010771174970051, -3.4460943297525226) to: (5.010771174970051, -3.4460943297525226)
INFO:root:Sheep moves from: (-2.4458866812391555, -2.855385266305886) to: (-2.4458866812391555, -2.855385266305886)
INFO:root:Sheep moves from: (7.752228442554177, -4.150836237085665) to: (7.752228442554177, -4.150836237085665)
INFO:root:Sheep moves from: (-0.3600775244936436, 8.843228583991944) to: (-0.3600775244936436, 8.843228583991944)
INFO:root:Sheep moves from: (7.868282568746714, 5.713582152093011) to: (7.868282568746714, 5.713582152093011)
INFO:root:Sheep moves from: (-1.076083640932179, 9.477521535131569) to: (-1.076083640932179, 9.477521535131569)
INFO:root:Sheep moves from: (2.7666375998138406, -10.72871176592185) to: (2.7666375998138406, -10.72871176592185)
INFO:root:Sheep moves from: (3.523748407920719, -7.999893854815177) to: (3.523748407920719, -7.999893854815177)
INFO:root:Sheep moves from: (-8.9759071716554, 0.8899941475954716) to: (-8.9759071716554, 0.8899941475954716)
INFO:root:Sheep moves from: (5.177649453816727, -5.85313547480215) to: (5.177649453816727, -5.85313547480215)
INFO:root:Wolfs move from: (-2.4458866812391555, -2.855385266305886) to: (-2.4458866812391555, -2.855385266305886)
INFO:root: Sheep 6 has been devoured
INFO:root:Sheep moves from: (0.11758887692488429, 8.466535660185844) to: (0.11758887692488429, 8.466535660185844)
INFO:root:Sheep moves from: (3.623841045303916, 5.950096193120299) to: (3.623841045303916, 5.950096193120299)
INFO:root:Sheep moves from: (-4.568130146626565, -2.0244197442633283) to: (-4.568130146626565, -2.0244197442633283)
INFO:root:Sheep moves from: (-5.444285769233515, 8.449396732773337) to: (-5.444285769233515, 8.449396732773337)
INFO:root:Sheep moves from: (-2.877159848164265, -8.185054120399935) to: (-2.877159848164265, -8.185054120399935)
INFO:root:Sheep moves from: (5.510771174970051, -3.4460943297525226) to: (5.510771174970051, -3.4460943297525226)
INFO:root:Sheep moves from: (7.752228442554177, -4.650836237085665) to: (7.752228442554177, -4.650836237085665)
INFO:root:Sheep moves from: (-0.3600775244936436, 9.343228583991944) to: (-0.3600775244936436, 9.343228583991944)
INFO:root:Sheep moves from: (7.868282568746714, 5.213582152093011) to: (7.868282568746714, 5.213582152093011)
INFO:root:Sheep moves from: (-1.076083640932179, 9.977521535131569) to: (-1.076083640932179, 9.977521535131569)
INFO:root:Sheep moves from: (2.7666375998138406, -10.22871176592185) to: (2.7666375998138406, -10.22871176592185)
INFO:root:Sheep moves from: (3.523748407920719, -7.499893854815177) to: (3.523748407920719, -7.499893854815177)
INFO:root:Sheep moves from: (-8.4759071716554, 0.8899941475954716) to: (-8.4759071716554, 0.8899941475954716)
INFO:root:Sheep moves from: (5.677649453816727, -5.85313547480215) to: (5.677649453816727, -5.85313547480215)
INFO:root:Wolf moves from: (-3.3770516544411957, -2.4907871414044487) to: (-3.3770516544411957, -2.4907871414044487)
INFO:root:Sheep moves from: (0.6175888769248843, 8.466535660185844) to: (0.6175888769248843, 8.466535660185844)
INFO:root:Sheep moves from: (4.123841045303916, 5.950096193120299) to: (4.123841045303916, 5.950096193120299)
INFO:root:Sheep moves from: (-4.068130146626565, -2.0244197442633283) to: (-4.068130146626565, -2.0244197442633283)
INFO:root:Sheep moves from: (-5.444285769233515, 8.949396732773337) to: (-5.444285769233515, 8.949396732773337)
INFO:root:Sheep moves from: (-2.377159848164265, -8.185054120399935) to: (-2.377159848164265, -8.185054120399935)
INFO:root:Sheep moves from: (5.010771174970051, -3.4460943297525226) to: (5.010771174970051, -3.4460943297525226)
INFO:root:Sheep moves from: (7.752228442554177, -5.150836237085665) to: (7.752228442554177, -5.150836237085665)
INFO:root:Sheep moves from: (-0.8600775244936436, 9.343228583991944) to: (-0.8600775244936436, 9.343228583991944)
INFO:root:Sheep moves from: (7.868282568746714, 5.713582152093011) to: (7.868282568746714, 5.713582152093011)
INFO:root:Sheep moves from: (-0.576083640932179, 9.977521535131569) to: (-0.576083640932179, 9.977521535131569)
INFO:root:Sheep moves from: (2.7666375998138406, -10.72871176592185) to: (2.7666375998138406, -10.72871176592185)
INFO:root:Sheep moves from: (3.523748407920719, -7.999893854815177) to: (3.523748407920719, -7.999893854815177)
INFO:root:Sheep moves from: (-8.4759071716554, 0.3899941475954716) to: (-8.4759071716554, 0.3899941475954716)
INFO:root:Sheep moves from: (5.177649453816727, -5.85313547480215) to: (5.177649453816727, -5.85313547480215)
INFO:root:Wolfs move from: (-4.068130146626565, -2.0244197442633283) to: (-4.068130146626565, -2.0244197442633283)
INFO:root: Sheep 2 has been devoured
INFO:root:Sheep moves from: (1.1175888769248843, 8.466535660185844) to: (1.1175888769248843, 8.466535660185844)
INFO:root:Sheep moves from: (4.623841045303916, 5.950096193120299) to: (4.623841045303916, 5.950096193120299)
INFO:root:Sheep moves from: (-4.944285769233515, 8.949396732773337) to: (-4.944285769233515, 8.949396732773337)
INFO:root:Sheep moves from: (-2.377159848164265, -8.685054120399935) to: (-2.377159848164265, -8.685054120399935)
INFO:root:Sheep moves from: (5.010771174970051, -3.9460943297525226) to: (5.010771174970051, -3.9460943297525226)
INFO:root:Sheep moves from: (7.252228442554177, -5.150836237085665) to: (7.252228442554177, -5.150836237085665)
INFO:root:Sheep moves from: (-0.3600775244936436, 9.343228583991944) to: (-0.3600775244936436, 9.343228583991944)
INFO:root:Sheep moves from: (7.368282568746714, 5.713582152093011) to: (7.368282568746714, 5.713582152093011)
INFO:root:Sheep moves from: (-0.576083640932179, 9.477521535131569) to: (-0.576083640932179, 9.477521535131569)
INFO:root:Sheep moves from: (2.7666375998138406, -10.22871176592185) to: (2.7666375998138406, -10.22871176592185)
INFO:root:Sheep moves from: (3.523748407920719, -7.499893854815177) to: (3.523748407920719, -7.499893854815177)
INFO:root:Sheep moves from: (-8.9759071716554, 0.3899941475954716) to: (-8.9759071716554, 0.3899941475954716)
INFO:root:Sheep moves from: (4.677649453816727, -5.85313547480215) to: (4.677649453816727, -5.85313547480215)
INFO:root:Wolf moves from: (-4.965425580949676, -1.5829892247668838) to: (-4.965425580949676, -1.5829892247668838)
INFO:root:Sheep moves from: (1.1175888769248843, 7.966535660185844) to: (1.1175888769248843, 7.966535660185844)
INFO:root:Sheep moves from: (4.623841045303916, 5.450096193120299) to: (4.623841045303916, 5.450096193120299)
INFO:root:Sheep moves from: (-4.944285769233515, 8.449396732773337) to: (-4.944285769233515, 8.449396732773337)
INFO:root:Sheep moves from: (-1.8771598481642648, -8.685054120399935) to: (-1.8771598481642648, -8.685054120399935)
INFO:root:Sheep moves from: (5.010771174970051, -4.446094329752523) to: (5.010771174970051, -4.446094329752523)
INFO:root:Sheep moves from: (7.252228442554177, -5.650836237085665) to: (7.252228442554177, -5.650836237085665)
INFO:root:Sheep moves from: (-0.3600775244936436, 8.843228583991944) to: (-0.3600775244936436, 8.843228583991944)
INFO:root:Sheep moves from: (7.368282568746714, 6.213582152093011) to: (7.368282568746714, 6.213582152093011)
INFO:root:Sheep moves from: (-0.07608364093217901, 9.477521535131569) to: (-0.07608364093217901, 9.477521535131569)
INFO:root:Sheep moves from: (2.2666375998138406, -10.22871176592185) to: (2.2666375998138406, -10.22871176592185)
INFO:root:Sheep moves from: (3.523748407920719, -6.999893854815177) to: (3.523748407920719, -6.999893854815177)
INFO:root:Sheep moves from: (-8.4759071716554, 0.3899941475954716) to: (-8.4759071716554, 0.3899941475954716)
INFO:root:Sheep moves from: (4.177649453816727, -5.85313547480215) to: (4.177649453816727, -5.85313547480215)
INFO:root:Wolf moves from: (-5.83717747290749, -1.0930416368883717) to: (-5.83717747290749, -1.0930416368883717)
INFO:root:Sheep moves from: (0.6175888769248843, 7.966535660185844) to: (0.6175888769248843, 7.966535660185844)
INFO:root:Sheep moves from: (4.623841045303916, 4.950096193120299) to: (4.623841045303916, 4.950096193120299)
INFO:root:Sheep moves from: (-5.444285769233515, 8.449396732773337) to: (-5.444285769233515, 8.449396732773337)
INFO:root:Sheep moves from: (-1.8771598481642648, -8.185054120399935) to: (-1.8771598481642648, -8.185054120399935)
INFO:root:Sheep moves from: (5.010771174970051, -4.946094329752523) to: (5.010771174970051, -4.946094329752523)
INFO:root:Sheep moves from: (7.252228442554177, -6.150836237085665) to: (7.252228442554177, -6.150836237085665)
INFO:root:Sheep moves from: (-0.3600775244936436, 9.343228583991944) to: (-0.3600775244936436, 9.343228583991944)
INFO:root:Sheep moves from: (7.868282568746714, 6.213582152093011) to: (7.868282568746714, 6.213582152093011)
INFO:root:Sheep moves from: (-0.07608364093217901, 9.977521535131569) to: (-0.07608364093217901, 9.977521535131569)
INFO:root:Sheep moves from: (2.2666375998138406, -10.72871176592185) to: (2.2666375998138406, -10.72871176592185)
INFO:root:Sheep moves from: (3.523748407920719, -6.499893854815177) to: (3.523748407920719, -6.499893854815177)
INFO:root:Sheep moves from: (-8.4759071716554, -0.11000585240452843) to: (-8.4759071716554, -0.11000585240452843)
INFO:root:Sheep moves from: (4.177649453816727, -5.35313547480215) to: (4.177649453816727, -5.35313547480215)
INFO:root:Wolf moves from: (-6.774261955162775, -0.7439389684420477) to: (-6.774261955162775, -0.7439389684420477)
INFO:root:Sheep moves from: (0.11758887692488429, 7.966535660185844) to: (0.11758887692488429, 7.966535660185844)
INFO:root:Sheep moves from: (5.123841045303916, 4.950096193120299) to: (5.123841045303916, 4.950096193120299)
INFO:root:Sheep moves from: (-4.944285769233515, 8.449396732773337) to: (-4.944285769233515, 8.449396732773337)
INFO:root:Sheep moves from: (-1.3771598481642648, -8.185054120399935) to: (-1.3771598481642648, -8.185054120399935)
INFO:root:Sheep moves from: (5.010771174970051, -5.446094329752523) to: (5.010771174970051, -5.446094329752523)
INFO:root:Sheep moves from: (7.252228442554177, -5.650836237085665) to: (7.252228442554177, -5.650836237085665)
INFO:root:Sheep moves from: (-0.8600775244936436, 9.343228583991944) to: (-0.8600775244936436, 9.343228583991944)
INFO:root:Sheep moves from: (7.368282568746714, 6.213582152093011) to: (7.368282568746714, 6.213582152093011)
INFO:root:Sheep moves from: (-0.576083640932179, 9.977521535131569) to: (-0.576083640932179, 9.977521535131569)
INFO:root:Sheep moves from: (2.2666375998138406, -11.22871176592185) to: (2.2666375998138406, -11.22871176592185)
INFO:root:Sheep moves from: (3.023748407920719, -6.499893854815177) to: (3.023748407920719, -6.499893854815177)
INFO:root:Sheep moves from: (-7.9759071716554, -0.11000585240452843) to: (-7.9759071716554, -0.11000585240452843)
INFO:root:Sheep moves from: (4.177649453816727, -5.85313547480215) to: (4.177649453816727, -5.85313547480215)
INFO:root:Wolf moves from: (-7.6587282822530725, -0.2773349433378932) to: (-7.6587282822530725, -0.2773349433378932)
INFO:root:Sheep moves from: (0.11758887692488429, 7.466535660185844) to: (0.11758887692488429, 7.466535660185844)
INFO:root:Sheep moves from: (4.623841045303916, 4.950096193120299) to: (4.623841045303916, 4.950096193120299)
INFO:root:Sheep moves from: (-5.444285769233515, 8.449396732773337) to: (-5.444285769233515, 8.449396732773337)
INFO:root:Sheep moves from: (-1.8771598481642648, -8.185054120399935) to: (-1.8771598481642648, -8.185054120399935)
INFO:root:Sheep moves from: (5.010771174970051, -5.946094329752523) to: (5.010771174970051, -5.946094329752523)
INFO:root:Sheep moves from: (7.752228442554177, -5.650836237085665) to: (7.752228442554177, -5.650836237085665)
INFO:root:Sheep moves from: (-0.8600775244936436, 9.843228583991944) to: (-0.8600775244936436, 9.843228583991944)
INFO:root:Sheep moves from: (6.868282568746714, 6.213582152093011) to: (6.868282568746714, 6.213582152093011)
INFO:root:Sheep moves from: (-0.576083640932179, 9.477521535131569) to: (-0.576083640932179, 9.477521535131569)
INFO:root:Sheep moves from: (2.2666375998138406, -11.72871176592185) to: (2.2666375998138406, -11.72871176592185)
INFO:root:Sheep moves from: (3.523748407920719, -6.499893854815177) to: (3.523748407920719, -6.499893854815177)
INFO:root:Sheep moves from: (-8.4759071716554, -0.11000585240452843) to: (-8.4759071716554, -0.11000585240452843)
INFO:root:Sheep moves from: (4.677649453816727, -5.85313547480215) to: (4.677649453816727, -5.85313547480215)
INFO:root:Wolfs move from: (-8.4759071716554, -0.11000585240452843) to: (-8.4759071716554, -0.11000585240452843)
INFO:root: Sheep 13 has been devoured
INFO:root:Sheep moves from: (-0.3824111230751157, 7.466535660185844) to: (-0.3824111230751157, 7.466535660185844)
INFO:root:Sheep moves from: (4.623841045303916, 4.450096193120299) to: (4.623841045303916, 4.450096193120299)
INFO:root:Sheep moves from: (-5.944285769233515, 8.449396732773337) to: (-5.944285769233515, 8.449396732773337)
INFO:root:Sheep moves from: (-1.3771598481642648, -8.185054120399935) to: (-1.3771598481642648, -8.185054120399935)
INFO:root:Sheep moves from: (4.510771174970051, -5.946094329752523) to: (4.510771174970051, -5.946094329752523)
INFO:root:Sheep moves from: (7.752228442554177, -6.150836237085665) to: (7.752228442554177, -6.150836237085665)
INFO:root:Sheep moves from: (-1.3600775244936436, 9.843228583991944) to: (-1.3600775244936436, 9.843228583991944)
INFO:root:Sheep moves from: (6.868282568746714, 5.713582152093011) to: (6.868282568746714, 5.713582152093011)
INFO:root:Sheep moves from: (-0.576083640932179, 9.977521535131569) to: (-0.576083640932179, 9.977521535131569)
INFO:root:Sheep moves from: (2.7666375998138406, -11.72871176592185) to: (2.7666375998138406, -11.72871176592185)
INFO:root:Sheep moves from: (3.523748407920719, -6.999893854815177) to: (3.523748407920719, -6.999893854815177)
INFO:root:Sheep moves from: (4.177649453816727, -5.85313547480215) to: (4.177649453816727, -5.85313547480215)
INFO:root:Wolf moves from: (-8.192282117453916, 0.8489294053836107) to: (-8.192282117453916, 0.8489294053836107)
INFO:root:Sheep moves from: (-0.8824111230751157, 7.466535660185844) to: (-0.8824111230751157, 7.466535660185844)
INFO:root:Sheep moves from: (4.123841045303916, 4.450096193120299) to: (4.123841045303916, 4.450096193120299)
INFO:root:Sheep moves from: (-5.944285769233515, 8.949396732773337) to: (-5.944285769233515, 8.949396732773337)
INFO:root:Sheep moves from: (-1.3771598481642648, -8.685054120399935) to: (-1.3771598481642648, -8.685054120399935)
INFO:root:Sheep moves from: (4.510771174970051, -6.446094329752523) to: (4.510771174970051, -6.446094329752523)
INFO:root:Sheep moves from: (7.252228442554177, -6.150836237085665) to: (7.252228442554177, -6.150836237085665)
INFO:root:Sheep moves from: (-1.3600775244936436, 9.343228583991944) to: (-1.3600775244936436, 9.343228583991944)
INFO:root:Sheep moves from: (6.868282568746714, 6.213582152093011) to: (6.868282568746714, 6.213582152093011)
INFO:root:Sheep moves from: (-1.076083640932179, 9.977521535131569) to: (-1.076083640932179, 9.977521535131569)
INFO:root:Sheep moves from: (2.7666375998138406, -11.22871176592185) to: (2.7666375998138406, -11.22871176592185)
INFO:root:Sheep moves from: (3.523748407920719, -7.499893854815177) to: (3.523748407920719, -7.499893854815177)
INFO:root:Sheep moves from: (4.177649453816727, -6.35313547480215) to: (4.177649453816727, -6.35313547480215)
INFO:root:Wolf moves from: (-7.924873866557328, 1.812512732010025) to: (-7.924873866557328, 1.812512732010025)
INFO:root:Sheep moves from: (-0.8824111230751157, 7.966535660185844) to: (-0.8824111230751157, 7.966535660185844)
INFO:root:Sheep moves from: (3.623841045303916, 4.450096193120299) to: (3.623841045303916, 4.450096193120299)
INFO:root:Sheep moves from: (-5.944285769233515, 8.449396732773337) to: (-5.944285769233515, 8.449396732773337)
INFO:root:Sheep moves from: (-1.3771598481642648, -9.185054120399935) to: (-1.3771598481642648, -9.185054120399935)
INFO:root:Sheep moves from: (4.510771174970051, -6.946094329752523) to: (4.510771174970051, -6.946094329752523)
INFO:root:Sheep moves from: (7.252228442554177, -6.650836237085665) to: (7.252228442554177, -6.650836237085665)
INFO:root:Sheep moves from: (-1.3600775244936436, 8.843228583991944) to: (-1.3600775244936436, 8.843228583991944)
INFO:root:Sheep moves from: (7.368282568746714, 6.213582152093011) to: (7.368282568746714, 6.213582152093011)
INFO:root:Sheep moves from: (-1.076083640932179, 9.477521535131569) to: (-1.076083640932179, 9.477521535131569)
INFO:root:Sheep moves from: (2.7666375998138406, -11.72871176592185) to: (2.7666375998138406, -11.72871176592185)
INFO:root:Sheep moves from: (4.023748407920719, -7.499893854815177) to: (4.023748407920719, -7.499893854815177)
INFO:root:Sheep moves from: (4.677649453816727, -6.35313547480215) to: (4.677649453816727, -6.35313547480215)
INFO:root:Wolf moves from: (-7.638914078232001, 2.7707543505285144) to: (-7.638914078232001, 2.7707543505285144)
INFO:root:Sheep moves from: (-1.3824111230751157, 7.966535660185844) to: (-1.3824111230751157, 7.966535660185844)
INFO:root:Sheep moves from: (3.123841045303916, 4.450096193120299) to: (3.123841045303916, 4.450096193120299)
INFO:root:Sheep moves from: (-5.444285769233515, 8.449396732773337) to: (-5.444285769233515, 8.449396732773337)
INFO:root:Sheep moves from: (-1.3771598481642648, -8.685054120399935) to: (-1.3771598481642648, -8.685054120399935)
INFO:root:Sheep moves from: (4.010771174970051, -6.946094329752523) to: (4.010771174970051, -6.946094329752523)
INFO:root:Sheep moves from: (7.252228442554177, -7.150836237085665) to: (7.252228442554177, -7.150836237085665)
INFO:root:Sheep moves from: (-1.3600775244936436, 8.343228583991944) to: (-1.3600775244936436, 8.343228583991944)
INFO:root:Sheep moves from: (7.368282568746714, 5.713582152093011) to: (7.368282568746714, 5.713582152093011)
INFO:root:Sheep moves from: (-1.076083640932179, 8.977521535131569) to: (-1.076083640932179, 8.977521535131569)
INFO:root:Sheep moves from: (2.7666375998138406, -12.22871176592185) to: (2.7666375998138406, -12.22871176592185)
INFO:root:Sheep moves from: (3.523748407920719, -7.499893854815177) to: (3.523748407920719, -7.499893854815177)
INFO:root:Sheep moves from: (4.677649453816727, -6.85313547480215) to: (4.677649453816727, -6.85313547480215)
INFO:root:Wolf moves from: (-7.278427990642673, 3.7035189406875424) to: (-7.278427990642673, 3.7035189406875424)
INFO:root:Sheep moves from: (-1.3824111230751157, 7.466535660185844) to: (-1.3824111230751157, 7.466535660185844)
INFO:root:Sheep moves from: (3.123841045303916, 4.950096193120299) to: (3.123841045303916, 4.950096193120299)
INFO:root:Sheep moves from: (-5.944285769233515, 8.449396732773337) to: (-5.944285769233515, 8.449396732773337)
INFO:root:Sheep moves from: (-1.8771598481642648, -8.685054120399935) to: (-1.8771598481642648, -8.685054120399935)
INFO:root:Sheep moves from: (3.510771174970051, -6.946094329752523) to: (3.510771174970051, -6.946094329752523)
INFO:root:Sheep moves from: (6.752228442554177, -7.150836237085665) to: (6.752228442554177, -7.150836237085665)
INFO:root:Sheep moves from: (-0.8600775244936436, 8.343228583991944) to: (-0.8600775244936436, 8.343228583991944)
INFO:root:Sheep moves from: (6.868282568746714, 5.713582152093011) to: (6.868282568746714, 5.713582152093011)
INFO:root:Sheep moves from: (-1.076083640932179, 8.477521535131569) to: (-1.076083640932179, 8.477521535131569)
INFO:root:Sheep moves from: (2.7666375998138406, -12.72871176592185) to: (2.7666375998138406, -12.72871176592185)
INFO:root:Sheep moves from: (4.023748407920719, -7.499893854815177) to: (4.023748407920719, -7.499893854815177)
INFO:root:Sheep moves from: (4.177649453816727, -6.85313547480215) to: (4.177649453816727, -6.85313547480215)
INFO:root:Wolf moves from: (-7.007801951932111, 4.666203492953667) to: (-7.007801951932111, 4.666203492953667)
INFO:root:Sheep moves from: (-1.3824111230751157, 6.966535660185844) to: (-1.3824111230751157, 6.966535660185844)
INFO:root:Sheep moves from: (3.123841045303916, 4.450096193120299) to: (3.123841045303916, 4.450096193120299)
INFO:root:Sheep moves from: (-5.444285769233515, 8.449396732773337) to: (-5.444285769233515, 8.449396732773337)
INFO:root:Sheep moves from: (-1.3771598481642648, -8.685054120399935) to: (-1.3771598481642648, -8.685054120399935)
INFO:root:Sheep moves from: (3.010771174970051, -6.946094329752523) to: (3.010771174970051, -6.946094329752523)
INFO:root:Sheep moves from: (6.252228442554177, -7.150836237085665) to: (6.252228442554177, -7.150836237085665)
INFO:root:Sheep moves from: (-0.8600775244936436, 7.8432285839919444) to: (-0.8600775244936436, 7.8432285839919444)
INFO:root:Sheep moves from: (7.368282568746714, 5.713582152093011) to: (7.368282568746714, 5.713582152093011)
INFO:root:Sheep moves from: (-1.576083640932179, 8.477521535131569) to: (-1.576083640932179, 8.477521535131569)
INFO:root:Sheep moves from: (2.2666375998138406, -12.72871176592185) to: (2.2666375998138406, -12.72871176592185)
INFO:root:Sheep moves from: (4.023748407920719, -7.999893854815177) to: (4.023748407920719, -7.999893854815177)
INFO:root:Sheep moves from: (4.177649453816727, -7.35313547480215) to: (4.177649453816727, -7.35313547480215)
INFO:root:Wolf moves from: (-6.62585547356095, 5.590387937564086) to: (-6.62585547356095, 5.590387937564086)
INFO:root:Sheep moves from: (-1.3824111230751157, 6.466535660185844) to: (-1.3824111230751157, 6.466535660185844)
INFO:root:Sheep moves from: (3.623841045303916, 4.450096193120299) to: (3.623841045303916, 4.450096193120299)
INFO:root:Sheep moves from: (-5.944285769233515, 8.449396732773337) to: (-5.944285769233515, 8.449396732773337)
INFO:root:Sheep moves from: (-1.3771598481642648, -9.185054120399935) to: (-1.3771598481642648, -9.185054120399935)
INFO:root:Sheep moves from: (2.510771174970051, -6.946094329752523) to: (2.510771174970051, -6.946094329752523)
INFO:root:Sheep moves from: (6.752228442554177, -7.150836237085665) to: (6.752228442554177, -7.150836237085665)
INFO:root:Sheep moves from: (-1.3600775244936436, 7.8432285839919444) to: (-1.3600775244936436, 7.8432285839919444)
INFO:root:Sheep moves from: (7.368282568746714, 5.213582152093011) to: (7.368282568746714, 5.213582152093011)
INFO:root:Sheep moves from: (-1.076083640932179, 8.477521535131569) to: (-1.076083640932179, 8.477521535131569)
INFO:root:Sheep moves from: (2.2666375998138406, -12.22871176592185) to: (2.2666375998138406, -12.22871176592185)
INFO:root:Sheep moves from: (4.023748407920719, -8.499893854815177) to: (4.023748407920719, -8.499893854815177)
INFO:root:Sheep moves from: (4.177649453816727, -7.85313547480215) to: (4.177649453816727, -7.85313547480215)
INFO:root:Wolf moves from: (-6.393960198650328, 6.563128695152729) to: (-6.393960198650328, 6.563128695152729)
INFO:root:Sheep moves from: (-1.3824111230751157, 6.966535660185844) to: (-1.3824111230751157, 6.966535660185844)
INFO:root:Sheep moves from: (3.623841045303916, 3.9500961931202987) to: (3.623841045303916, 3.9500961931202987)
INFO:root:Sheep moves from: (-5.944285769233515, 8.949396732773337) to: (-5.944285769233515, 8.949396732773337)
INFO:root:Sheep moves from: (-1.3771598481642648, -9.685054120399935) to: (-1.3771598481642648, -9.685054120399935)
INFO:root:Sheep moves from: (2.010771174970051, -6.946094329752523) to: (2.010771174970051, -6.946094329752523)
INFO:root:Sheep moves from: (6.252228442554177, -7.150836237085665) to: (6.252228442554177, -7.150836237085665)
INFO:root:Sheep moves from: (-1.8600775244936436, 7.8432285839919444) to: (-1.8600775244936436, 7.8432285839919444)
INFO:root:Sheep moves from: (7.868282568746714, 5.213582152093011) to: (7.868282568746714, 5.213582152093011)
INFO:root:Sheep moves from: (-1.076083640932179, 7.977521535131569) to: (-1.076083640932179, 7.977521535131569)
INFO:root:Sheep moves from: (2.2666375998138406, -12.72871176592185) to: (2.2666375998138406, -12.72871176592185)
INFO:root:Sheep moves from: (4.023748407920719, -8.999893854815177) to: (4.023748407920719, -8.999893854815177)
INFO:root:Sheep moves from: (4.677649453816727, -7.85313547480215) to: (4.677649453816727, -7.85313547480215)
INFO:root:Wolf moves from: (-6.208776951595334, 7.545832701967685) to: (-6.208776951595334, 7.545832701967685)
INFO:root:Sheep moves from: (-1.3824111230751157, 7.466535660185844) to: (-1.3824111230751157, 7.466535660185844)
INFO:root:Sheep moves from: (3.623841045303916, 3.4500961931202987) to: (3.623841045303916, 3.4500961931202987)
INFO:root:Sheep moves from: (-5.944285769233515, 8.449396732773337) to: (-5.944285769233515, 8.449396732773337)
INFO:root:Sheep moves from: (-1.8771598481642648, -9.685054120399935) to: (-1.8771598481642648, -9.685054120399935)
INFO:root:Sheep moves from: (2.510771174970051, -6.946094329752523) to: (2.510771174970051, -6.946094329752523)
INFO:root:Sheep moves from: (5.752228442554177, -7.150836237085665) to: (5.752228442554177, -7.150836237085665)
INFO:root:Sheep moves from: (-1.8600775244936436, 8.343228583991944) to: (-1.8600775244936436, 8.343228583991944)
INFO:root:Sheep moves from: (8.368282568746714, 5.213582152093011) to: (8.368282568746714, 5.213582152093011)
INFO:root:Sheep moves from: (-1.576083640932179, 7.977521535131569) to: (-1.576083640932179, 7.977521535131569)
INFO:root:Sheep moves from: (1.7666375998138406, -12.72871176592185) to: (1.7666375998138406, -12.72871176592185)
INFO:root:Sheep moves from: (3.523748407920719, -8.999893854815177) to: (3.523748407920719, -8.999893854815177)
INFO:root:Sheep moves from: (4.677649453816727, -8.35313547480215) to: (4.677649453816727, -8.35313547480215)
INFO:root:Wolfs move from: (-5.944285769233515, 8.449396732773337) to: (-5.944285769233515, 8.449396732773337)
INFO:root: Sheep 3 has been devoured
INFO:root:Sheep moves from: (-0.8824111230751157, 7.466535660185844) to: (-0.8824111230751157, 7.466535660185844)
INFO:root:Sheep moves from: (3.623841045303916, 2.9500961931202987) to: (3.623841045303916, 2.9500961931202987)
INFO:root:Sheep moves from: (-1.3771598481642648, -9.685054120399935) to: (-1.3771598481642648, -9.685054120399935)
INFO:root:Sheep moves from: (3.010771174970051, -6.946094329752523) to: (3.010771174970051, -6.946094329752523)
INFO:root:Sheep moves from: (6.252228442554177, -7.150836237085665) to: (6.252228442554177, -7.150836237085665)
INFO:root:Sheep moves from: (-2.3600775244936436, 8.343228583991944) to: (-2.3600775244936436, 8.343228583991944)
INFO:root:Sheep moves from: (8.368282568746714, 5.713582152093011) to: (8.368282568746714, 5.713582152093011)
INFO:root:Sheep moves from: (-1.576083640932179, 8.477521535131569) to: (-1.576083640932179, 8.477521535131569)
INFO:root:Sheep moves from: (1.7666375998138406, -13.22871176592185) to: (1.7666375998138406, -13.22871176592185)
INFO:root:Sheep moves from: (3.523748407920719, -8.499893854815177) to: (3.523748407920719, -8.499893854815177)
INFO:root:Sheep moves from: (5.177649453816727, -8.35313547480215) to: (5.177649453816727, -8.35313547480215)
INFO:root:Wolf moves from: (-4.944724185187098, 8.419788630864932) to: (-4.944724185187098, 8.419788630864932)
INFO:root:Sheep moves from: (-0.3824111230751157, 7.466535660185844) to: (-0.3824111230751157, 7.466535660185844)
INFO:root:Sheep moves from: (3.623841045303916, 3.4500961931202987) to: (3.623841045303916, 3.4500961931202987)
INFO:root:Sheep moves from: (-1.3771598481642648, -10.185054120399935) to: (-1.3771598481642648, -10.185054120399935)
INFO:root:Sheep moves from: (2.510771174970051, -6.946094329752523) to: (2.510771174970051, -6.946094329752523)
INFO:root:Sheep moves from: (6.752228442554177, -7.150836237085665) to: (6.752228442554177, -7.150836237085665)
INFO:root:Sheep moves from: (-2.8600775244936436, 8.343228583991944) to: (-2.8600775244936436, 8.343228583991944)
INFO:root:Sheep moves from: (8.368282568746714, 6.213582152093011) to: (8.368282568746714, 6.213582152093011)
INFO:root:Sheep moves from: (-1.076083640932179, 8.477521535131569) to: (-1.076083640932179, 8.477521535131569)
INFO:root:Sheep moves from: (1.7666375998138406, -12.72871176592185) to: (1.7666375998138406, -12.72871176592185)
INFO:root:Sheep moves from: (3.523748407920719, -7.999893854815177) to: (3.523748407920719, -7.999893854815177)
INFO:root:Sheep moves from: (5.677649453816727, -8.35313547480215) to: (5.677649453816727, -8.35313547480215)
INFO:root:Wolf moves from: (-3.9453978912010363, 8.38308770242868) to: (-3.9453978912010363, 8.38308770242868)
INFO:root:Sheep moves from: (-0.8824111230751157, 7.466535660185844) to: (-0.8824111230751157, 7.466535660185844)
INFO:root:Sheep moves from: (4.123841045303916, 3.4500961931202987) to: (4.123841045303916, 3.4500961931202987)
INFO:root:Sheep moves from: (-0.8771598481642648, -10.185054120399935) to: (-0.8771598481642648, -10.185054120399935)
INFO:root:Sheep moves from: (3.010771174970051, -6.946094329752523) to: (3.010771174970051, -6.946094329752523)
INFO:root:Sheep moves from: (6.752228442554177, -7.650836237085665) to: (6.752228442554177, -7.650836237085665)
INFO:root:Sheep moves from: (-2.3600775244936436, 8.343228583991944) to: (-2.3600775244936436, 8.343228583991944)
INFO:root:Sheep moves from: (8.368282568746714, 6.713582152093011) to: (8.368282568746714, 6.713582152093011)
INFO:root:Sheep moves from: (-1.076083640932179, 7.977521535131569) to: (-1.076083640932179, 7.977521535131569)
INFO:root:Sheep moves from: (1.2666375998138406, -12.72871176592185) to: (1.2666375998138406, -12.72871176592185)
INFO:root:Sheep moves from: (3.523748407920719, -7.499893854815177) to: (3.523748407920719, -7.499893854815177)
INFO:root:Sheep moves from: (5.677649453816727, -7.85313547480215) to: (5.677649453816727, -7.85313547480215)
INFO:root:Wolf moves from: (-2.945713817266787, 8.357953018777941) to: (-2.945713817266787, 8.357953018777941)
INFO:root:Sheep moves from: (-0.3824111230751157, 7.466535660185844) to: (-0.3824111230751157, 7.466535660185844)
INFO:root:Sheep moves from: (4.123841045303916, 2.9500961931202987) to: (4.123841045303916, 2.9500961931202987)
INFO:root:Sheep moves from: (-0.8771598481642648, -9.685054120399935) to: (-0.8771598481642648, -9.685054120399935)
INFO:root:Sheep moves from: (3.510771174970051, -6.946094329752523) to: (3.510771174970051, -6.946094329752523)
INFO:root:Sheep moves from: (7.252228442554177, -7.650836237085665) to: (7.252228442554177, -7.650836237085665)
INFO:root:Sheep moves from: (-2.3600775244936436, 8.843228583991944) to: (-2.3600775244936436, 8.843228583991944)
INFO:root:Sheep moves from: (8.368282568746714, 6.213582152093011) to: (8.368282568746714, 6.213582152093011)
INFO:root:Sheep moves from: (-1.576083640932179, 7.977521535131569) to: (-1.576083640932179, 7.977521535131569)
INFO:root:Sheep moves from: (1.7666375998138406, -12.72871176592185) to: (1.7666375998138406, -12.72871176592185)
INFO:root:Sheep moves from: (4.023748407920719, -7.499893854815177) to: (4.023748407920719, -7.499893854815177)
INFO:root:Sheep moves from: (6.177649453816727, -7.85313547480215) to: (6.177649453816727, -7.85313547480215)
INFO:root:Wolfs move from: (-2.3600775244936436, 8.843228583991944) to: (-2.3600775244936436, 8.843228583991944)
INFO:root: Sheep 8 has been devoured
INFO:root:Sheep moves from: (0.11758887692488429, 7.466535660185844) to: (0.11758887692488429, 7.466535660185844)
INFO:root:Sheep moves from: (4.623841045303916, 2.9500961931202987) to: (4.623841045303916, 2.9500961931202987)
INFO:root:Sheep moves from: (-1.3771598481642648, -9.685054120399935) to: (-1.3771598481642648, -9.685054120399935)
INFO:root:Sheep moves from: (3.010771174970051, -6.946094329752523) to: (3.010771174970051, -6.946094329752523)
INFO:root:Sheep moves from: (7.252228442554177, -8.150836237085665) to: (7.252228442554177, -8.150836237085665)
INFO:root:Sheep moves from: (8.368282568746714, 5.713582152093011) to: (8.368282568746714, 5.713582152093011)
INFO:root:Sheep moves from: (-1.076083640932179, 7.977521535131569) to: (-1.076083640932179, 7.977521535131569)
INFO:root:Sheep moves from: (2.2666375998138406, -12.72871176592185) to: (2.2666375998138406, -12.72871176592185)
INFO:root:Sheep moves from: (3.523748407920719, -7.499893854815177) to: (3.523748407920719, -7.499893854815177)
INFO:root:Sheep moves from: (6.177649453816727, -8.35313547480215) to: (6.177649453816727, -8.35313547480215)
INFO:root:Wolf moves from: (-1.530932865429307, 8.28419447560044) to: (-1.530932865429307, 8.28419447560044)
INFO:root:Sheep moves from: (-0.3824111230751157, 7.466535660185844) to: (-0.3824111230751157, 7.466535660185844)
INFO:root:Sheep moves from: (4.123841045303916, 2.9500961931202987) to: (4.123841045303916, 2.9500961931202987)
INFO:root:Sheep moves from: (-0.8771598481642648, -9.685054120399935) to: (-0.8771598481642648, -9.685054120399935)
INFO:root:Sheep moves from: (2.510771174970051, -6.946094329752523) to: (2.510771174970051, -6.946094329752523)
INFO:root:Sheep moves from: (7.752228442554177, -8.150836237085665) to: (7.752228442554177, -8.150836237085665)
INFO:root:Sheep moves from: (8.368282568746714, 5.213582152093011) to: (8.368282568746714, 5.213582152093011)
INFO:root:Sheep moves from: (-1.076083640932179, 8.477521535131569) to: (-1.076083640932179, 8.477521535131569)
INFO:root:Sheep moves from: (1.7666375998138406, -12.72871176592185) to: (1.7666375998138406, -12.72871176592185)
INFO:root:Sheep moves from: (3.523748407920719, -7.999893854815177) to: (3.523748407920719, -7.999893854815177)
INFO:root:Sheep moves from: (6.177649453816727, -7.85313547480215) to: (6.177649453816727, -7.85313547480215)
INFO:root:Wolfs move from: (-1.076083640932179, 8.477521535131569) to: (-1.076083640932179, 8.477521535131569)
INFO:root: Sheep 10 has been devoured
INFO:root:Sheep moves from: (0.11758887692488429, 7.466535660185844) to: (0.11758887692488429, 7.466535660185844)
INFO:root:Sheep moves from: (4.123841045303916, 3.4500961931202987) to: (4.123841045303916, 3.4500961931202987)
INFO:root:Sheep moves from: (-0.8771598481642648, -10.185054120399935) to: (-0.8771598481642648, -10.185054120399935)
INFO:root:Sheep moves from: (2.010771174970051, -6.946094329752523) to: (2.010771174970051, -6.946094329752523)
INFO:root:Sheep moves from: (7.752228442554177, -8.650836237085665) to: (7.752228442554177, -8.650836237085665)
INFO:root:Sheep moves from: (7.868282568746714, 5.213582152093011) to: (7.868282568746714, 5.213582152093011)
INFO:root:Sheep moves from: (1.7666375998138406, -13.22871176592185) to: (1.7666375998138406, -13.22871176592185)
INFO:root:Sheep moves from: (3.523748407920719, -7.499893854815177) to: (3.523748407920719, -7.499893854815177)
INFO:root:Sheep moves from: (6.677649453816727, -7.85313547480215) to: (6.677649453816727, -7.85313547480215)
INFO:root:Wolf moves from: (-0.31299857114339946, 7.831223479846352) to: (-0.31299857114339946, 7.831223479846352)
INFO:root:Sheep moves from: (0.6175888769248843, 7.466535660185844) to: (0.6175888769248843, 7.466535660185844)
INFO:root:Sheep moves from: (3.623841045303916, 3.4500961931202987) to: (3.623841045303916, 3.4500961931202987)
INFO:root:Sheep moves from: (-0.37715984816426484, -10.185054120399935) to: (-0.37715984816426484, -10.185054120399935)
INFO:root:Sheep moves from: (2.010771174970051, -7.446094329752523) to: (2.010771174970051, -7.446094329752523)
INFO:root:Sheep moves from: (7.752228442554177, -9.150836237085665) to: (7.752228442554177, -9.150836237085665)
INFO:root:Sheep moves from: (8.368282568746714, 5.213582152093011) to: (8.368282568746714, 5.213582152093011)
INFO:root:Sheep moves from: (1.7666375998138406, -13.72871176592185) to: (1.7666375998138406, -13.72871176592185)
INFO:root:Sheep moves from: (3.023748407920719, -7.499893854815177) to: (3.023748407920719, -7.499893854815177)
INFO:root:Sheep moves from: (6.677649453816727, -7.35313547480215) to: (6.677649453816727, -7.35313547480215)
INFO:root:Wolfs move from: (0.6175888769248843, 7.466535660185844) to: (0.6175888769248843, 7.466535660185844)
INFO:root: Sheep 0 has been devoured
INFO:root:Sheep moves from: (4.123841045303916, 3.4500961931202987) to: (4.123841045303916, 3.4500961931202987)
INFO:root:Sheep moves from: (-0.8771598481642648, -10.185054120399935) to: (-0.8771598481642648, -10.185054120399935)
INFO:root:Sheep moves from: (2.010771174970051, -6.946094329752523) to: (2.010771174970051, -6.946094329752523)
INFO:root:Sheep moves from: (7.752228442554177, -8.650836237085665) to: (7.752228442554177, -8.650836237085665)
INFO:root:Sheep moves from: (8.368282568746714, 5.713582152093011) to: (8.368282568746714, 5.713582152093011)
INFO:root:Sheep moves from: (1.2666375998138406, -13.72871176592185) to: (1.2666375998138406, -13.72871176592185)
INFO:root:Sheep moves from: (3.523748407920719, -7.499893854815177) to: (3.523748407920719, -7.499893854815177)
INFO:root:Sheep moves from: (6.677649453816727, -7.85313547480215) to: (6.677649453816727, -7.85313547480215)
INFO:root:Wolf moves from: (1.2752291505513884, 6.713203548495086) to: (1.2752291505513884, 6.713203548495086)
INFO:root:Sheep moves from: (4.623841045303916, 3.4500961931202987) to: (4.623841045303916, 3.4500961931202987)
INFO:root:Sheep moves from: (-0.37715984816426484, -10.185054120399935) to: (-0.37715984816426484, -10.185054120399935)
INFO:root:Sheep moves from: (1.510771174970051, -6.946094329752523) to: (1.510771174970051, -6.946094329752523)
INFO:root:Sheep moves from: (7.752228442554177, -9.150836237085665) to: (7.752228442554177, -9.150836237085665)
INFO:root:Sheep moves from: (7.868282568746714, 5.713582152093011) to: (7.868282568746714, 5.713582152093011)
INFO:root:Sheep moves from: (1.2666375998138406, -14.22871176592185) to: (1.2666375998138406, -14.22871176592185)
INFO:root:Sheep moves from: (3.523748407920719, -6.999893854815177) to: (3.523748407920719, -6.999893854815177)
INFO:root:Sheep moves from: (7.177649453816727, -7.85313547480215) to: (7.177649453816727, -7.85313547480215)
INFO:root:Wolf moves from: (1.9914205409309633, 6.015299620761353) to: (1.9914205409309633, 6.015299620761353)
INFO:root:Sheep moves from: (4.623841045303916, 2.9500961931202987) to: (4.623841045303916, 2.9500961931202987)
INFO:root:Sheep moves from: (0.12284015183573516, -10.185054120399935) to: (0.12284015183573516, -10.185054120399935)
INFO:root:Sheep moves from: (2.010771174970051, -6.946094329752523) to: (2.010771174970051, -6.946094329752523)
INFO:root:Sheep moves from: (7.752228442554177, -8.650836237085665) to: (7.752228442554177, -8.650836237085665)
INFO:root:Sheep moves from: (8.368282568746714, 5.713582152093011) to: (8.368282568746714, 5.713582152093011)
INFO:root:Sheep moves from: (1.2666375998138406, -14.72871176592185) to: (1.2666375998138406, -14.72871176592185)
INFO:root:Sheep moves from: (4.023748407920719, -6.999893854815177) to: (4.023748407920719, -6.999893854815177)
INFO:root:Sheep moves from: (7.177649453816727, -7.35313547480215) to: (7.177649453816727, -7.35313547480215)
INFO:root:Wolf moves from: (2.6429397277518047, 5.256667464044866) to: (2.6429397277518047, 5.256667464044866)
INFO:root:Sheep moves from: (5.123841045303916, 2.9500961931202987) to: (5.123841045303916, 2.9500961931202987)
INFO:root:Sheep moves from: (0.6228401518357352, -10.185054120399935) to: (0.6228401518357352, -10.185054120399935)
INFO:root:Sheep moves from: (2.510771174970051, -6.946094329752523) to: (2.510771174970051, -6.946094329752523)
INFO:root:Sheep moves from: (7.252228442554177, -8.650836237085665) to: (7.252228442554177, -8.650836237085665)
INFO:root:Sheep moves from: (8.368282568746714, 6.213582152093011) to: (8.368282568746714, 6.213582152093011)
INFO:root:Sheep moves from: (1.2666375998138406, -15.22871176592185) to: (1.2666375998138406, -15.22871176592185)
INFO:root:Sheep moves from: (4.023748407920719, -6.499893854815177) to: (4.023748407920719, -6.499893854815177)
INFO:root:Sheep moves from: (7.177649453816727, -7.85313547480215) to: (7.177649453816727, -7.85313547480215)
INFO:root:Wolf moves from: (3.3753095631446937, 4.575760404155932) to: (3.3753095631446937, 4.575760404155932)
INFO:root:Sheep moves from: (5.123841045303916, 2.4500961931202987) to: (5.123841045303916, 2.4500961931202987)
INFO:root:Sheep moves from: (0.12284015183573516, -10.185054120399935) to: (0.12284015183573516, -10.185054120399935)
INFO:root:Sheep moves from: (2.510771174970051, -7.446094329752523) to: (2.510771174970051, -7.446094329752523)
INFO:root:Sheep moves from: (7.752228442554177, -8.650836237085665) to: (7.752228442554177, -8.650836237085665)
INFO:root:Sheep moves from: (8.868282568746714, 6.213582152093011) to: (8.868282568746714, 6.213582152093011)
INFO:root:Sheep moves from: (1.2666375998138406, -15.72871176592185) to: (1.2666375998138406, -15.72871176592185)
INFO:root:Sheep moves from: (3.523748407920719, -6.499893854815177) to: (3.523748407920719, -6.499893854815177)
INFO:root:Sheep moves from: (7.177649453816727, -7.35313547480215) to: (7.177649453816727, -7.35313547480215)
INFO:root:Wolf moves from: (4.010580371842453, 3.8034709508960187) to: (4.010580371842453, 3.8034709508960187)
INFO:root:Sheep moves from: (4.623841045303916, 2.4500961931202987) to: (4.623841045303916, 2.4500961931202987)
INFO:root:Sheep moves from: (0.12284015183573516, -10.685054120399935) to: (0.12284015183573516, -10.685054120399935)
INFO:root:Sheep moves from: (2.510771174970051, -7.946094329752523) to: (2.510771174970051, -7.946094329752523)
INFO:root:Sheep moves from: (7.752228442554177, -9.150836237085665) to: (7.752228442554177, -9.150836237085665)
INFO:root:Sheep moves from: (9.368282568746714, 6.213582152093011) to: (9.368282568746714, 6.213582152093011)
INFO:root:Sheep moves from: (1.2666375998138406, -16.22871176592185) to: (1.2666375998138406, -16.22871176592185)
INFO:root:Sheep moves from: (3.523748407920719, -5.999893854815177) to: (3.523748407920719, -5.999893854815177)
INFO:root:Sheep moves from: (7.177649453816727, -6.85313547480215) to: (7.177649453816727, -6.85313547480215)
INFO:root:Wolf moves from: (4.423317860589821, 2.8926209273561847) to: (4.423317860589821, 2.8926209273561847)
INFO:root:Sheep moves from: (5.123841045303916, 2.4500961931202987) to: (5.123841045303916, 2.4500961931202987)
INFO:root:Sheep moves from: (0.12284015183573516, -11.185054120399935) to: (0.12284015183573516, -11.185054120399935)
INFO:root:Sheep moves from: (2.010771174970051, -7.946094329752523) to: (2.010771174970051, -7.946094329752523)
INFO:root:Sheep moves from: (7.252228442554177, -9.150836237085665) to: (7.252228442554177, -9.150836237085665)
INFO:root:Sheep moves from: (8.868282568746714, 6.213582152093011) to: (8.868282568746714, 6.213582152093011)
INFO:root:Sheep moves from: (1.2666375998138406, -15.728711765921851) to: (1.2666375998138406, -15.728711765921851)
INFO:root:Sheep moves from: (3.523748407920719, -6.499893854815177) to: (3.523748407920719, -6.499893854815177)
INFO:root:Sheep moves from: (6.677649453816727, -6.85313547480215) to: (6.677649453816727, -6.85313547480215)
INFO:root:Wolfs move from: (5.123841045303916, 2.4500961931202987) to: (5.123841045303916, 2.4500961931202987)
INFO:root: Sheep 1 has been devoured
INFO:root:Sheep moves from: (0.6228401518357352, -11.185054120399935) to: (0.6228401518357352, -11.185054120399935)
INFO:root:Sheep moves from: (2.010771174970051, -7.446094329752523) to: (2.010771174970051, -7.446094329752523)
INFO:root:Sheep moves from: (7.252228442554177, -8.650836237085665) to: (7.252228442554177, -8.650836237085665)
INFO:root:Sheep moves from: (8.868282568746714, 6.713582152093011) to: (8.868282568746714, 6.713582152093011)
INFO:root:Sheep moves from: (1.2666375998138406, -16.22871176592185) to: (1.2666375998138406, -16.22871176592185)
INFO:root:Sheep moves from: (4.023748407920719, -6.499893854815177) to: (4.023748407920719, -6.499893854815177)
INFO:root:Sheep moves from: (6.177649453816727, -6.85313547480215) to: (6.177649453816727, -6.85313547480215)
INFO:root:Wolf moves from: (5.783731065413729, 3.201458396960411) to: (5.783731065413729, 3.201458396960411)
INFO:root:Sheep moves from: (1.1228401518357352, -11.185054120399935) to: (1.1228401518357352, -11.185054120399935)
INFO:root:Sheep moves from: (2.510771174970051, -7.446094329752523) to: (2.510771174970051, -7.446094329752523)
INFO:root:Sheep moves from: (7.252228442554177, -8.150836237085665) to: (7.252228442554177, -8.150836237085665)
INFO:root:Sheep moves from: (8.868282568746714, 7.213582152093011) to: (8.868282568746714, 7.213582152093011)
INFO:root:Sheep moves from: (1.2666375998138406, -16.72871176592185) to: (1.2666375998138406, -16.72871176592185)
INFO:root:Sheep moves from: (4.023748407920719, -6.999893854815177) to: (4.023748407920719, -6.999893854815177)
INFO:root:Sheep moves from: (6.677649453816727, -6.85313547480215) to: (6.677649453816727, -6.85313547480215)
INFO:root:Wolf moves from: (6.393231070092425, 3.9942444616062707) to: (6.393231070092425, 3.9942444616062707)
INFO:root:Sheep moves from: (1.1228401518357352, -10.685054120399935) to: (1.1228401518357352, -10.685054120399935)
INFO:root:Sheep moves from: (3.010771174970051, -7.446094329752523) to: (3.010771174970051, -7.446094329752523)
INFO:root:Sheep moves from: (7.752228442554177, -8.150836237085665) to: (7.752228442554177, -8.150836237085665)
INFO:root:Sheep moves from: (9.368282568746714, 7.213582152093011) to: (9.368282568746714, 7.213582152093011)
INFO:root:Sheep moves from: (1.2666375998138406, -16.22871176592185) to: (1.2666375998138406, -16.22871176592185)
INFO:root:Sheep moves from: (3.523748407920719, -6.999893854815177) to: (3.523748407920719, -6.999893854815177)
INFO:root:Sheep moves from: (6.177649453816727, -6.85313547480215) to: (6.177649453816727, -6.85313547480215)
INFO:root:Wolf moves from: (7.0719243373914065, 4.728666308314982) to: (7.0719243373914065, 4.728666308314982)
INFO:root:Sheep moves from: (0.6228401518357352, -10.685054120399935) to: (0.6228401518357352, -10.685054120399935)
INFO:root:Sheep moves from: (2.510771174970051, -7.446094329752523) to: (2.510771174970051, -7.446094329752523)
INFO:root:Sheep moves from: (7.752228442554177, -8.650836237085665) to: (7.752228442554177, -8.650836237085665)
INFO:root:Sheep moves from: (9.368282568746714, 6.713582152093011) to: (9.368282568746714, 6.713582152093011)
INFO:root:Sheep moves from: (1.2666375998138406, -16.72871176592185) to: (1.2666375998138406, -16.72871176592185)
INFO:root:Sheep moves from: (3.523748407920719, -7.499893854815177) to: (3.523748407920719, -7.499893854815177)
INFO:root:Sheep moves from: (6.177649453816727, -7.35313547480215) to: (6.177649453816727, -7.35313547480215)
INFO:root:Wolf moves from: (7.8284706518286615, 5.382606423395412) to: (7.8284706518286615, 5.382606423395412)
INFO:root:Sheep moves from: (0.6228401518357352, -10.185054120399935) to: (0.6228401518357352, -10.185054120399935)
INFO:root:Sheep moves from: (3.010771174970051, -7.446094329752523) to: (3.010771174970051, -7.446094329752523)
INFO:root:Sheep moves from: (8.252228442554177, -8.650836237085665) to: (8.252228442554177, -8.650836237085665)
INFO:root:Sheep moves from: (9.368282568746714, 6.213582152093011) to: (9.368282568746714, 6.213582152093011)
INFO:root:Sheep moves from: (1.2666375998138406, -17.22871176592185) to: (1.2666375998138406, -17.22871176592185)
INFO:root:Sheep moves from: (3.523748407920719, -7.999893854815177) to: (3.523748407920719, -7.999893854815177)
INFO:root:Sheep moves from: (5.677649453816727, -7.35313547480215) to: (5.677649453816727, -7.35313547480215)
INFO:root:Wolf moves from: (8.70850091651794, 5.857524030176755) to: (8.70850091651794, 5.857524030176755)
INFO:root:Sheep moves from: (0.6228401518357352, -10.685054120399935) to: (0.6228401518357352, -10.685054120399935)
INFO:root:Sheep moves from: (3.010771174970051, -7.946094329752523) to: (3.010771174970051, -7.946094329752523)
INFO:root:Sheep moves from: (8.252228442554177, -9.150836237085665) to: (8.252228442554177, -9.150836237085665)
INFO:root:Sheep moves from: (8.868282568746714, 6.213582152093011) to: (8.868282568746714, 6.213582152093011)
INFO:root:Sheep moves from: (1.7666375998138406, -17.22871176592185) to: (1.7666375998138406, -17.22871176592185)
INFO:root:Sheep moves from: (3.523748407920719, -7.499893854815177) to: (3.523748407920719, -7.499893854815177)
INFO:root:Sheep moves from: (5.677649453816727, -7.85313547480215) to: (5.677649453816727, -7.85313547480215)
INFO:root:Wolfs move from: (8.868282568746714, 6.213582152093011) to: (8.868282568746714, 6.213582152093011)
INFO:root: Sheep 9 has been devoured
INFO:root:Sheep moves from: (0.6228401518357352, -11.185054120399935) to: (0.6228401518357352, -11.185054120399935)
INFO:root:Sheep moves from: (3.510771174970051, -7.946094329752523) to: (3.510771174970051, -7.946094329752523)
INFO:root:Sheep moves from: (8.252228442554177, -9.650836237085665) to: (8.252228442554177, -9.650836237085665)
INFO:root:Sheep moves from: (1.7666375998138406, -17.72871176592185) to: (1.7666375998138406, -17.72871176592185)
INFO:root:Sheep moves from: (3.523748407920719, -7.999893854815177) to: (3.523748407920719, -7.999893854815177)
INFO:root:Sheep moves from: (5.677649453816727, -8.35313547480215) to: (5.677649453816727, -8.35313547480215)
INFO:root:Wolf moves from: (8.65431923589788, 5.236740459598153) to: (8.65431923589788, 5.236740459598153)
INFO:root:Sheep moves from: (1.1228401518357352, -11.185054120399935) to: (1.1228401518357352, -11.185054120399935)
INFO:root:Sheep moves from: (3.010771174970051, -7.946094329752523) to: (3.010771174970051, -7.946094329752523)
INFO:root:Sheep moves from: (7.752228442554177, -9.650836237085665) to: (7.752228442554177, -9.650836237085665)
INFO:root:Sheep moves from: (1.7666375998138406, -18.22871176592185) to: (1.7666375998138406, -18.22871176592185)
INFO:root:Sheep moves from: (3.023748407920719, -7.999893854815177) to: (3.023748407920719, -7.999893854815177)
INFO:root:Sheep moves from: (5.677649453816727, -8.85313547480215) to: (5.677649453816727, -8.85313547480215)
INFO:root:Wolf moves from: (8.260767489997358, 4.317437993976173) to: (8.260767489997358, 4.317437993976173)
INFO:root:Sheep moves from: (1.1228401518357352, -11.685054120399935) to: (1.1228401518357352, -11.685054120399935)
INFO:root:Sheep moves from: (3.510771174970051, -7.946094329752523) to: (3.510771174970051, -7.946094329752523)
INFO:root:Sheep moves from: (8.252228442554177, -9.650836237085665) to: (8.252228442554177, -9.650836237085665)
INFO:root:Sheep moves from: (1.7666375998138406, -17.72871176592185) to: (1.7666375998138406, -17.72871176592185)
INFO:root:Sheep moves from: (3.023748407920719, -7.499893854815177) to: (3.023748407920719, -7.499893854815177)
INFO:root:Sheep moves from: (5.177649453816727, -8.85313547480215) to: (5.177649453816727, -8.85313547480215)
INFO:root:Wolf moves from: (7.8556066055599345, 3.4031925905303124) to: (7.8556066055599345, 3.4031925905303124)
INFO:root:Sheep moves from: (1.1228401518357352, -12.185054120399935) to: (1.1228401518357352, -12.185054120399935)
INFO:root:Sheep moves from: (4.010771174970051, -7.946094329752523) to: (4.010771174970051, -7.946094329752523)
INFO:root:Sheep moves from: (8.252228442554177, -10.150836237085665) to: (8.252228442554177, -10.150836237085665)
INFO:root:Sheep moves from: (2.2666375998138406, -17.72871176592185) to: (2.2666375998138406, -17.72871176592185)
INFO:root:Sheep moves from: (2.523748407920719, -7.499893854815177) to: (2.523748407920719, -7.499893854815177)
INFO:root:Sheep moves from: (5.177649453816727, -8.35313547480215) to: (5.177649453816727, -8.35313547480215)
INFO:root:Wolf moves from: (7.534745511839972, 2.456066327280882) to: (7.534745511839972, 2.456066327280882)
INFO:root:Sheep moves from: (0.6228401518357352, -12.185054120399935) to: (0.6228401518357352, -12.185054120399935)
INFO:root:Sheep moves from: (4.010771174970051, -7.446094329752523) to: (4.010771174970051, -7.446094329752523)
INFO:root:Sheep moves from: (8.252228442554177, -9.650836237085665) to: (8.252228442554177, -9.650836237085665)
INFO:root:Sheep moves from: (2.2666375998138406, -17.22871176592185) to: (2.2666375998138406, -17.22871176592185)
INFO:root:Sheep moves from: (2.523748407920719, -7.999893854815177) to: (2.523748407920719, -7.999893854815177)
INFO:root:Sheep moves from: (4.677649453816727, -8.35313547480215) to: (4.677649453816727, -8.35313547480215)
INFO:root:Wolf moves from: (7.199465055471818, 1.5139479612686473) to: (7.199465055471818, 1.5139479612686473)
INFO:root:Sheep moves from: (1.1228401518357352, -12.185054120399935) to: (1.1228401518357352, -12.185054120399935)
INFO:root:Sheep moves from: (4.510771174970051, -7.446094329752523) to: (4.510771174970051, -7.446094329752523)
INFO:root:Sheep moves from: (8.252228442554177, -10.150836237085665) to: (8.252228442554177, -10.150836237085665)
INFO:root:Sheep moves from: (2.7666375998138406, -17.22871176592185) to: (2.7666375998138406, -17.22871176592185)
INFO:root:Sheep moves from: (2.523748407920719, -8.499893854815177) to: (2.523748407920719, -8.499893854815177)
INFO:root:Sheep moves from: (4.177649453816727, -8.35313547480215) to: (4.177649453816727, -8.35313547480215)
INFO:root:Wolf moves from: (6.912050365229378, 0.5561417199897329) to: (6.912050365229378, 0.5561417199897329)
INFO:root:Sheep moves from: (1.6228401518357352, -12.185054120399935) to: (1.6228401518357352, -12.185054120399935)
INFO:root:Sheep moves from: (5.010771174970051, -7.446094329752523) to: (5.010771174970051, -7.446094329752523)
INFO:root:Sheep moves from: (8.252228442554177, -9.650836237085665) to: (8.252228442554177, -9.650836237085665)
INFO:root:Sheep moves from: (2.7666375998138406, -17.72871176592185) to: (2.7666375998138406, -17.72871176592185)
INFO:root:Sheep moves from: (2.523748407920719, -7.999893854815177) to: (2.523748407920719, -7.999893854815177)
INFO:root:Sheep moves from: (3.677649453816727, -8.35313547480215) to: (3.677649453816727, -8.35313547480215)
INFO:root:Wolf moves from: (6.680891834131787, -0.4167743778834617) to: (6.680891834131787, -0.4167743778834617)
INFO:root:Sheep moves from: (2.122840151835735, -12.185054120399935) to: (2.122840151835735, -12.185054120399935)
INFO:root:Sheep moves from: (5.010771174970051, -6.946094329752523) to: (5.010771174970051, -6.946094329752523)
INFO:root:Sheep moves from: (8.752228442554177, -9.650836237085665) to: (8.752228442554177, -9.650836237085665)
INFO:root:Sheep moves from: (2.7666375998138406, -17.22871176592185) to: (2.7666375998138406, -17.22871176592185)
INFO:root:Sheep moves from: (2.023748407920719, -7.999893854815177) to: (2.023748407920719, -7.999893854815177)
INFO:root:Sheep moves from: (4.177649453816727, -8.35313547480215) to: (4.177649453816727, -8.35313547480215)
INFO:root:Wolf moves from: (6.433082327632036, -1.3855831559652616) to: (6.433082327632036, -1.3855831559652616)
INFO:root:Sheep moves from: (2.122840151835735, -11.685054120399935) to: (2.122840151835735, -11.685054120399935)
INFO:root:Sheep moves from: (5.010771174970051, -6.446094329752523) to: (5.010771174970051, -6.446094329752523)
INFO:root:Sheep moves from: (8.752228442554177, -9.150836237085665) to: (8.752228442554177, -9.150836237085665)
INFO:root:Sheep moves from: (2.7666375998138406, -16.72871176592185) to: (2.7666375998138406, -16.72871176592185)
INFO:root:Sheep moves from: (2.523748407920719, -7.999893854815177) to: (2.523748407920719, -7.999893854815177)
INFO:root:Sheep moves from: (4.177649453816727, -8.85313547480215) to: (4.177649453816727, -8.85313547480215)
INFO:root:Wolf moves from: (6.1625055750994235, -2.348281562003677) to: (6.1625055750994235, -2.348281562003677)
