INFO:root:Sheep moves from: (-9.137235283916151, 1.0627256573122956) to: (-9.137235283916151, 1.0627256573122956)
INFO:root:Sheep moves from: (0.1366446161733812, 8.7576484907148) to: (0.1366446161733812, 8.7576484907148)
INFO:root:Sheep moves from: (-3.0091965782478036, 8.353596110117522) to: (-3.0091965782478036, 8.353596110117522)
INFO:root:Sheep moves from: (3.697932795504908, -6.851279852963518) to: (3.697932795504908, -6.851279852963518)
INFO:root:Sheep moves from: (2.1090875028156155, -5.6405457626835585) to: (2.1090875028156155, -5.6405457626835585)
INFO:root:Sheep moves from: (6.225864552386476, -2.620650578164259) to: (6.225864552386476, -2.620650578164259)
INFO:root:Sheep moves from: (-6.4675343460464685, 1.135905990603078) to: (-6.4675343460464685, 1.135905990603078)
INFO:root:Sheep moves from: (2.9325911314804163, 7.901535503823265) to: (2.9325911314804163, 7.901535503823265)
INFO:root:Sheep moves from: (-5.150359978488748, 9.944517932211788) to: (-5.150359978488748, 9.944517932211788)
INFO:root:Sheep moves from: (3.349966964129221, -4.2874191318791794) to: (3.349966964129221, -4.2874191318791794)
INFO:root:Sheep moves from: (-9.662080618434338, -0.856316210207936) to: (-9.662080618434338, -0.856316210207936)
INFO:root:Sheep moves from: (3.335371660128869, 2.433331951693816) to: (3.335371660128869, 2.433331951693816)
INFO:root:Sheep moves from: (-1.3440727216611403, -6.396443501051234) to: (-1.3440727216611403, -6.396443501051234)
INFO:root:Sheep moves from: (4.606005415061677, 0.8292552521322278) to: (4.606005415061677, 0.8292552521322278)
INFO:root:Sheep moves from: (-5.780322733392689, -8.137225767652662) to: (-5.780322733392689, -8.137225767652662)
INFO:root:Wolf moves from: (0.807858747382024, 0.5893761483792394) to: (0.807858747382024, 0.5893761483792394)
INFO:root:Sheep moves from: (-9.137235283916151, 0.5627256573122956) to: (-9.137235283916151, 0.5627256573122956)
INFO:root:Sheep moves from: (0.1366446161733812, 9.2576484907148) to: (0.1366446161733812, 9.2576484907148)
INFO:root:Sheep moves from: (-3.0091965782478036, 7.853596110117522) to: (-3.0091965782478036, 7.853596110117522)
INFO:root:Sheep moves from: (3.697932795504908, -6.351279852963518) to: (3.697932795504908, -6.351279852963518)
INFO:root:Sheep moves from: (1.6090875028156155, -5.6405457626835585) to: (1.6090875028156155, -5.6405457626835585)
INFO:root:Sheep moves from: (6.225864552386476, -3.120650578164259) to: (6.225864552386476, -3.120650578164259)
INFO:root:Sheep moves from: (-6.4675343460464685, 0.635905990603078) to: (-6.4675343460464685, 0.635905990603078)
INFO:root:Sheep moves from: (3.4325911314804163, 7.901535503823265) to: (3.4325911314804163, 7.901535503823265)
INFO:root:Sheep moves from: (-4.650359978488748, 9.944517932211788) to: (-4.650359978488748, 9.944517932211788)
INFO:root:Sheep moves from: (3.349966964129221, -3.7874191318791794) to: (3.349966964129221, -3.7874191318791794)
INFO:root:Sheep moves from: (-10.162080618434338, -0.856316210207936) to: (-10.162080618434338, -0.856316210207936)
INFO:root:Sheep moves from: (3.335371660128869, 2.933331951693816) to: (3.335371660128869, 2.933331951693816)
INFO:root:Sheep moves from: (-1.8440727216611403, -6.396443501051234) to: (-1.8440727216611403, -6.396443501051234)
INFO:root:Sheep moves from: (4.606005415061677, 0.32925525213222784) to: (4.606005415061677, 0.32925525213222784)
INFO:root:Sheep moves from: (-5.280322733392689, -8.137225767652662) to: (-5.280322733392689, -8.137225767652662)
INFO:root:Wolf moves from: (1.5410890064611693, 1.2693565798408584) to: (1.5410890064611693, 1.2693565798408584)
INFO:root:Sheep moves from: (-9.137235283916151, 1.0627256573122956) to: (-9.137235283916151, 1.0627256573122956)
INFO:root:Sheep moves from: (0.1366446161733812, 9.7576484907148) to: (0.1366446161733812, 9.7576484907148)
INFO:root:Sheep moves from: (-3.5091965782478036, 7.853596110117522) to: (-3.5091965782478036, 7.853596110117522)
INFO:root:Sheep moves from: (3.197932795504908, -6.351279852963518) to: (3.197932795504908, -6.351279852963518)
INFO:root:Sheep moves from: (1.6090875028156155, -5.1405457626835585) to: (1.6090875028156155, -5.1405457626835585)
INFO:root:Sheep moves from: (6.725864552386476, -3.120650578164259) to: (6.725864552386476, -3.120650578164259)
INFO:root:Sheep moves from: (-5.9675343460464685, 0.635905990603078) to: (-5.9675343460464685, 0.635905990603078)
INFO:root:Sheep moves from: (3.4325911314804163, 8.401535503823265) to: (3.4325911314804163, 8.401535503823265)
INFO:root:Sheep moves from: (-4.650359978488748, 9.444517932211788) to: (-4.650359978488748, 9.444517932211788)
INFO:root:Sheep moves from: (3.849966964129221, -3.7874191318791794) to: (3.849966964129221, -3.7874191318791794)
INFO:root:Sheep moves from: (-9.662080618434338, -0.856316210207936) to: (-9.662080618434338, -0.856316210207936)
INFO:root:Sheep moves from: (3.835371660128869, 2.933331951693816) to: (3.835371660128869, 2.933331951693816)
INFO:root:Sheep moves from: (-1.8440727216611403, -6.896443501051234) to: (-1.8440727216611403, -6.896443501051234)
INFO:root:Sheep moves from: (4.106005415061677, 0.32925525213222784) to: (4.106005415061677, 0.32925525213222784)
INFO:root:Sheep moves from: (-4.780322733392689, -8.137225767652662) to: (-4.780322733392689, -8.137225767652662)
INFO:root:Wolf moves from: (2.480008857744149, 0.9252206868178439) to: (2.480008857744149, 0.9252206868178439)
INFO:root:Sheep moves from: (-8.637235283916151, 1.0627256573122956) to: (-8.637235283916151, 1.0627256573122956)
INFO:root:Sheep moves from: (-0.3633553838266188, 9.7576484907148) to: (-0.3633553838266188, 9.7576484907148)
INFO:root:Sheep moves from: (-3.5091965782478036, 8.353596110117522) to: (-3.5091965782478036, 8.353596110117522)
INFO:root:Sheep moves from: (3.197932795504908, -5.851279852963518) to: (3.197932795504908, -5.851279852963518)
INFO:root:Sheep moves from: (1.6090875028156155, -4.6405457626835585) to: (1.6090875028156155, -4.6405457626835585)
INFO:root:Sheep moves from: (7.225864552386476, -3.120650578164259) to: (7.225864552386476, -3.120650578164259)
INFO:root:Sheep moves from: (-5.9675343460464685, 1.135905990603078) to: (-5.9675343460464685, 1.135905990603078)
INFO:root:Sheep moves from: (3.9325911314804163, 8.401535503823265) to: (3.9325911314804163, 8.401535503823265)
INFO:root:Sheep moves from: (-5.150359978488748, 9.444517932211788) to: (-5.150359978488748, 9.444517932211788)
INFO:root:Sheep moves from: (3.849966964129221, -3.2874191318791794) to: (3.849966964129221, -3.2874191318791794)
INFO:root:Sheep moves from: (-9.662080618434338, -1.356316210207936) to: (-9.662080618434338, -1.356316210207936)
INFO:root:Sheep moves from: (3.335371660128869, 2.933331951693816) to: (3.335371660128869, 2.933331951693816)
INFO:root:Sheep moves from: (-1.3440727216611403, -6.896443501051234) to: (-1.3440727216611403, -6.896443501051234)
INFO:root:Sheep moves from: (4.106005415061677, -0.17074474786777216) to: (4.106005415061677, -0.17074474786777216)
INFO:root:Sheep moves from: (-4.780322733392689, -7.637225767652662) to: (-4.780322733392689, -7.637225767652662)
INFO:root:Wolf moves from: (3.3092315247348303, 0.3663022951461601) to: (3.3092315247348303, 0.3663022951461601)
INFO:root:Sheep moves from: (-8.137235283916151, 1.0627256573122956) to: (-8.137235283916151, 1.0627256573122956)
INFO:root:Sheep moves from: (0.1366446161733812, 9.7576484907148) to: (0.1366446161733812, 9.7576484907148)
INFO:root:Sheep moves from: (-3.0091965782478036, 8.353596110117522) to: (-3.0091965782478036, 8.353596110117522)
INFO:root:Sheep moves from: (3.197932795504908, -6.351279852963518) to: (3.197932795504908, -6.351279852963518)
INFO:root:Sheep moves from: (1.1090875028156155, -4.6405457626835585) to: (1.1090875028156155, -4.6405457626835585)
INFO:root:Sheep moves from: (7.225864552386476, -2.620650578164259) to: (7.225864552386476, -2.620650578164259)
INFO:root:Sheep moves from: (-5.9675343460464685, 1.635905990603078) to: (-5.9675343460464685, 1.635905990603078)
INFO:root:Sheep moves from: (4.432591131480416, 8.401535503823265) to: (4.432591131480416, 8.401535503823265)
INFO:root:Sheep moves from: (-5.150359978488748, 9.944517932211788) to: (-5.150359978488748, 9.944517932211788)
INFO:root:Sheep moves from: (4.349966964129221, -3.2874191318791794) to: (4.349966964129221, -3.2874191318791794)
INFO:root:Sheep moves from: (-9.662080618434338, -0.856316210207936) to: (-9.662080618434338, -0.856316210207936)
INFO:root:Sheep moves from: (3.335371660128869, 2.433331951693816) to: (3.335371660128869, 2.433331951693816)
INFO:root:Sheep moves from: (-1.3440727216611403, -6.396443501051234) to: (-1.3440727216611403, -6.396443501051234)
INFO:root:Sheep moves from: (3.606005415061677, -0.17074474786777216) to: (3.606005415061677, -0.17074474786777216)
INFO:root:Sheep moves from: (-4.780322733392689, -8.137225767652662) to: (-4.780322733392689, -8.137225767652662)
INFO:root:Wolfs move from: (3.606005415061677, -0.17074474786777216) to: (3.606005415061677, -0.17074474786777216)
INFO:root: Sheep 13 has been devoured
INFO:root:Sheep moves from: (-8.137235283916151, 1.5627256573122956) to: (-8.137235283916151, 1.5627256573122956)
INFO:root:Sheep moves from: (-0.3633553838266188, 9.7576484907148) to: (-0.3633553838266188, 9.7576484907148)
INFO:root:Sheep moves from: (-3.5091965782478036, 8.353596110117522) to: (-3.5091965782478036, 8.353596110117522)
INFO:root:Sheep moves from: (3.197932795504908, -6.851279852963518) to: (3.197932795504908, -6.851279852963518)
INFO:root:Sheep moves from: (1.1090875028156155, -4.1405457626835585) to: (1.1090875028156155, -4.1405457626835585)
INFO:root:Sheep moves from: (7.725864552386476, -2.620650578164259) to: (7.725864552386476, -2.620650578164259)
INFO:root:Sheep moves from: (-5.9675343460464685, 2.135905990603078) to: (-5.9675343460464685, 2.135905990603078)
INFO:root:Sheep moves from: (4.432591131480416, 8.901535503823265) to: (4.432591131480416, 8.901535503823265)
INFO:root:Sheep moves from: (-5.150359978488748, 9.444517932211788) to: (-5.150359978488748, 9.444517932211788)
INFO:root:Sheep moves from: (4.349966964129221, -2.7874191318791794) to: (4.349966964129221, -2.7874191318791794)
INFO:root:Sheep moves from: (-10.162080618434338, -0.856316210207936) to: (-10.162080618434338, -0.856316210207936)
INFO:root:Sheep moves from: (3.335371660128869, 2.933331951693816) to: (3.335371660128869, 2.933331951693816)
INFO:root:Sheep moves from: (-1.8440727216611403, -6.396443501051234) to: (-1.8440727216611403, -6.396443501051234)
INFO:root:Sheep moves from: (-4.780322733392689, -7.637225767652662) to: (-4.780322733392689, -7.637225767652662)
INFO:root:Wolf moves from: (3.879482552943702, -1.1326232511392904) to: (3.879482552943702, -1.1326232511392904)
INFO:root:Sheep moves from: (-8.637235283916151, 1.5627256573122956) to: (-8.637235283916151, 1.5627256573122956)
INFO:root:Sheep moves from: (-0.3633553838266188, 9.2576484907148) to: (-0.3633553838266188, 9.2576484907148)
INFO:root:Sheep moves from: (-3.0091965782478036, 8.353596110117522) to: (-3.0091965782478036, 8.353596110117522)
INFO:root:Sheep moves from: (3.197932795504908, -6.351279852963518) to: (3.197932795504908, -6.351279852963518)
INFO:root:Sheep moves from: (1.1090875028156155, -4.6405457626835585) to: (1.1090875028156155, -4.6405457626835585)
INFO:root:Sheep moves from: (7.225864552386476, -2.620650578164259) to: (7.225864552386476, -2.620650578164259)
INFO:root:Sheep moves from: (-6.4675343460464685, 2.135905990603078) to: (-6.4675343460464685, 2.135905990603078)
INFO:root:Sheep moves from: (4.432591131480416, 9.401535503823265) to: (4.432591131480416, 9.401535503823265)
INFO:root:Sheep moves from: (-5.150359978488748, 8.944517932211788) to: (-5.150359978488748, 8.944517932211788)
INFO:root:Sheep moves from: (3.849966964129221, -2.7874191318791794) to: (3.849966964129221, -2.7874191318791794)
INFO:root:Sheep moves from: (-10.162080618434338, -0.356316210207936) to: (-10.162080618434338, -0.356316210207936)
INFO:root:Sheep moves from: (2.835371660128869, 2.933331951693816) to: (2.835371660128869, 2.933331951693816)
INFO:root:Sheep moves from: (-1.8440727216611403, -6.896443501051234) to: (-1.8440727216611403, -6.896443501051234)
INFO:root:Sheep moves from: (-4.280322733392689, -7.637225767652662) to: (-4.280322733392689, -7.637225767652662)
INFO:root:Wolf moves from: (3.8616489969873564, -2.132464220634916) to: (3.8616489969873564, -2.132464220634916)
INFO:root:Sheep moves from: (-8.637235283916151, 2.0627256573122956) to: (-8.637235283916151, 2.0627256573122956)
INFO:root:Sheep moves from: (0.1366446161733812, 9.2576484907148) to: (0.1366446161733812, 9.2576484907148)
INFO:root:Sheep moves from: (-2.5091965782478036, 8.353596110117522) to: (-2.5091965782478036, 8.353596110117522)
INFO:root:Sheep moves from: (3.197932795504908, -5.851279852963518) to: (3.197932795504908, -5.851279852963518)
INFO:root:Sheep moves from: (1.1090875028156155, -5.1405457626835585) to: (1.1090875028156155, -5.1405457626835585)
INFO:root:Sheep moves from: (7.225864552386476, -2.120650578164259) to: (7.225864552386476, -2.120650578164259)
INFO:root:Sheep moves from: (-6.9675343460464685, 2.135905990603078) to: (-6.9675343460464685, 2.135905990603078)
INFO:root:Sheep moves from: (3.9325911314804163, 9.401535503823265) to: (3.9325911314804163, 9.401535503823265)
INFO:root:Sheep moves from: (-5.150359978488748, 8.444517932211788) to: (-5.150359978488748, 8.444517932211788)
INFO:root:Sheep moves from: (3.849966964129221, -3.2874191318791794) to: (3.849966964129221, -3.2874191318791794)
INFO:root:Sheep moves from: (-9.662080618434338, -0.356316210207936) to: (-9.662080618434338, -0.356316210207936)
INFO:root:Sheep moves from: (3.335371660128869, 2.933331951693816) to: (3.335371660128869, 2.933331951693816)
INFO:root:Sheep moves from: (-1.8440727216611403, -7.396443501051234) to: (-1.8440727216611403, -7.396443501051234)
INFO:root:Sheep moves from: (-4.280322733392689, -7.137225767652662) to: (-4.280322733392689, -7.137225767652662)
INFO:root:Wolf moves from: (3.8515348053324163, -3.132413070890351) to: (3.8515348053324163, -3.132413070890351)
INFO:root:Sheep moves from: (-8.637235283916151, 2.5627256573122956) to: (-8.637235283916151, 2.5627256573122956)
INFO:root:Sheep moves from: (0.1366446161733812, 9.7576484907148) to: (0.1366446161733812, 9.7576484907148)
INFO:root:Sheep moves from: (-2.0091965782478036, 8.353596110117522) to: (-2.0091965782478036, 8.353596110117522)
INFO:root:Sheep moves from: (2.697932795504908, -5.851279852963518) to: (2.697932795504908, -5.851279852963518)
INFO:root:Sheep moves from: (1.6090875028156155, -5.1405457626835585) to: (1.6090875028156155, -5.1405457626835585)
INFO:root:Sheep moves from: (7.725864552386476, -2.120650578164259) to: (7.725864552386476, -2.120650578164259)
INFO:root:Sheep moves from: (-6.4675343460464685, 2.135905990603078) to: (-6.4675343460464685, 2.135905990603078)
INFO:root:Sheep moves from: (4.432591131480416, 9.401535503823265) to: (4.432591131480416, 9.401535503823265)
INFO:root:Sheep moves from: (-5.150359978488748, 8.944517932211788) to: (-5.150359978488748, 8.944517932211788)
INFO:root:Sheep moves from: (3.849966964129221, -2.7874191318791794) to: (3.849966964129221, -2.7874191318791794)
INFO:root:Sheep moves from: (-9.662080618434338, 0.14368378979206398) to: (-9.662080618434338, 0.14368378979206398)
INFO:root:Sheep moves from: (2.835371660128869, 2.933331951693816) to: (2.835371660128869, 2.933331951693816)
INFO:root:Sheep moves from: (-1.3440727216611403, -7.396443501051234) to: (-1.3440727216611403, -7.396443501051234)
INFO:root:Sheep moves from: (-4.280322733392689, -7.637225767652662) to: (-4.280322733392689, -7.637225767652662)
INFO:root:Wolfs move from: (3.849966964129221, -2.7874191318791794) to: (3.849966964129221, -2.7874191318791794)
INFO:root: Sheep 9 has been devoured
INFO:root:Sheep moves from: (-9.137235283916151, 2.5627256573122956) to: (-9.137235283916151, 2.5627256573122956)
INFO:root:Sheep moves from: (-0.3633553838266188, 9.7576484907148) to: (-0.3633553838266188, 9.7576484907148)
INFO:root:Sheep moves from: (-2.0091965782478036, 7.853596110117522) to: (-2.0091965782478036, 7.853596110117522)
INFO:root:Sheep moves from: (2.697932795504908, -6.351279852963518) to: (2.697932795504908, -6.351279852963518)
INFO:root:Sheep moves from: (1.1090875028156155, -5.1405457626835585) to: (1.1090875028156155, -5.1405457626835585)
INFO:root:Sheep moves from: (8.225864552386476, -2.120650578164259) to: (8.225864552386476, -2.120650578164259)
INFO:root:Sheep moves from: (-6.4675343460464685, 2.635905990603078) to: (-6.4675343460464685, 2.635905990603078)
INFO:root:Sheep moves from: (4.432591131480416, 9.901535503823265) to: (4.432591131480416, 9.901535503823265)
INFO:root:Sheep moves from: (-5.150359978488748, 9.444517932211788) to: (-5.150359978488748, 9.444517932211788)
INFO:root:Sheep moves from: (-10.162080618434338, 0.14368378979206398) to: (-10.162080618434338, 0.14368378979206398)
INFO:root:Sheep moves from: (3.335371660128869, 2.933331951693816) to: (3.335371660128869, 2.933331951693816)
INFO:root:Sheep moves from: (-0.8440727216611403, -7.396443501051234) to: (-0.8440727216611403, -7.396443501051234)
INFO:root:Sheep moves from: (-4.280322733392689, -7.137225767652662) to: (-4.280322733392689, -7.137225767652662)
INFO:root:Wolf moves from: (3.0912305670900255, -3.438816921104765) to: (3.0912305670900255, -3.438816921104765)
INFO:root:Sheep moves from: (-9.137235283916151, 3.0627256573122956) to: (-9.137235283916151, 3.0627256573122956)
INFO:root:Sheep moves from: (-0.3633553838266188, 9.2576484907148) to: (-0.3633553838266188, 9.2576484907148)
INFO:root:Sheep moves from: (-1.5091965782478036, 7.853596110117522) to: (-1.5091965782478036, 7.853596110117522)
INFO:root:Sheep moves from: (2.697932795504908, -6.851279852963518) to: (2.697932795504908, -6.851279852963518)
INFO:root:Sheep moves from: (1.1090875028156155, -5.6405457626835585) to: (1.1090875028156155, -5.6405457626835585)
INFO:root:Sheep moves from: (8.225864552386476, -1.620650578164259) to: (8.225864552386476, -1.620650578164259)
INFO:root:Sheep moves from: (-5.9675343460464685, 2.635905990603078) to: (-5.9675343460464685, 2.635905990603078)
INFO:root:Sheep moves from: (4.432591131480416, 10.401535503823265) to: (4.432591131480416, 10.401535503823265)
INFO:root:Sheep moves from: (-5.150359978488748, 8.944517932211788) to: (-5.150359978488748, 8.944517932211788)
INFO:root:Sheep moves from: (-10.162080618434338, 0.643683789792064) to: (-10.162080618434338, 0.643683789792064)
INFO:root:Sheep moves from: (3.335371660128869, 2.433331951693816) to: (3.335371660128869, 2.433331951693816)
INFO:root:Sheep moves from: (-0.8440727216611403, -6.896443501051234) to: (-0.8440727216611403, -6.896443501051234)
INFO:root:Sheep moves from: (-4.780322733392689, -7.137225767652662) to: (-4.780322733392689, -7.137225767652662)
INFO:root:Wolf moves from: (2.4221563518642983, -4.1820125175126535) to: (2.4221563518642983, -4.1820125175126535)
INFO:root:Sheep moves from: (-9.137235283916151, 3.5627256573122956) to: (-9.137235283916151, 3.5627256573122956)
INFO:root:Sheep moves from: (-0.8633553838266188, 9.2576484907148) to: (-0.8633553838266188, 9.2576484907148)
INFO:root:Sheep moves from: (-1.0091965782478036, 7.853596110117522) to: (-1.0091965782478036, 7.853596110117522)
INFO:root:Sheep moves from: (2.697932795504908, -7.351279852963518) to: (2.697932795504908, -7.351279852963518)
INFO:root:Sheep moves from: (1.1090875028156155, -5.1405457626835585) to: (1.1090875028156155, -5.1405457626835585)
INFO:root:Sheep moves from: (7.725864552386476, -1.620650578164259) to: (7.725864552386476, -1.620650578164259)
INFO:root:Sheep moves from: (-5.9675343460464685, 3.135905990603078) to: (-5.9675343460464685, 3.135905990603078)
INFO:root:Sheep moves from: (4.432591131480416, 10.901535503823265) to: (4.432591131480416, 10.901535503823265)
INFO:root:Sheep moves from: (-5.150359978488748, 8.444517932211788) to: (-5.150359978488748, 8.444517932211788)
INFO:root:Sheep moves from: (-10.662080618434338, 0.643683789792064) to: (-10.662080618434338, 0.643683789792064)
INFO:root:Sheep moves from: (3.835371660128869, 2.433331951693816) to: (3.835371660128869, 2.433331951693816)
INFO:root:Sheep moves from: (-0.34407272166114033, -6.896443501051234) to: (-0.34407272166114033, -6.896443501051234)
INFO:root:Sheep moves from: (-5.280322733392689, -7.137225767652662) to: (-5.280322733392689, -7.137225767652662)
INFO:root:Wolf moves from: (1.6144673062280055, -4.771621206016422) to: (1.6144673062280055, -4.771621206016422)
INFO:root:Sheep moves from: (-9.137235283916151, 4.062725657312296) to: (-9.137235283916151, 4.062725657312296)
INFO:root:Sheep moves from: (-0.3633553838266188, 9.2576484907148) to: (-0.3633553838266188, 9.2576484907148)
INFO:root:Sheep moves from: (-1.0091965782478036, 8.353596110117522) to: (-1.0091965782478036, 8.353596110117522)
INFO:root:Sheep moves from: (3.197932795504908, -7.351279852963518) to: (3.197932795504908, -7.351279852963518)
INFO:root:Sheep moves from: (1.6090875028156155, -5.1405457626835585) to: (1.6090875028156155, -5.1405457626835585)
INFO:root:Sheep moves from: (7.725864552386476, -1.120650578164259) to: (7.725864552386476, -1.120650578164259)
INFO:root:Sheep moves from: (-5.9675343460464685, 2.635905990603078) to: (-5.9675343460464685, 2.635905990603078)
INFO:root:Sheep moves from: (4.932591131480416, 10.901535503823265) to: (4.932591131480416, 10.901535503823265)
INFO:root:Sheep moves from: (-4.650359978488748, 8.444517932211788) to: (-4.650359978488748, 8.444517932211788)
INFO:root:Sheep moves from: (-10.162080618434338, 0.643683789792064) to: (-10.162080618434338, 0.643683789792064)
INFO:root:Sheep moves from: (3.835371660128869, 2.933331951693816) to: (3.835371660128869, 2.933331951693816)
INFO:root:Sheep moves from: (-0.8440727216611403, -6.896443501051234) to: (-0.8440727216611403, -6.896443501051234)
INFO:root:Sheep moves from: (-5.280322733392689, -7.637225767652662) to: (-5.280322733392689, -7.637225767652662)
INFO:root:Wolfs move from: (1.6090875028156155, -5.1405457626835585) to: (1.6090875028156155, -5.1405457626835585)
INFO:root: Sheep 4 has been devoured
INFO:root:Sheep moves from: (-9.137235283916151, 3.5627256573122956) to: (-9.137235283916151, 3.5627256573122956)
INFO:root:Sheep moves from: (-0.3633553838266188, 8.7576484907148) to: (-0.3633553838266188, 8.7576484907148)
INFO:root:Sheep moves from: (-1.5091965782478036, 8.353596110117522) to: (-1.5091965782478036, 8.353596110117522)
INFO:root:Sheep moves from: (3.197932795504908, -7.851279852963518) to: (3.197932795504908, -7.851279852963518)
INFO:root:Sheep moves from: (7.725864552386476, -1.620650578164259) to: (7.725864552386476, -1.620650578164259)
INFO:root:Sheep moves from: (-5.4675343460464685, 2.635905990603078) to: (-5.4675343460464685, 2.635905990603078)
INFO:root:Sheep moves from: (4.932591131480416, 11.401535503823265) to: (4.932591131480416, 11.401535503823265)
INFO:root:Sheep moves from: (-4.150359978488748, 8.444517932211788) to: (-4.150359978488748, 8.444517932211788)
INFO:root:Sheep moves from: (-9.662080618434338, 0.643683789792064) to: (-9.662080618434338, 0.643683789792064)
INFO:root:Sheep moves from: (3.835371660128869, 2.433331951693816) to: (3.835371660128869, 2.433331951693816)
INFO:root:Sheep moves from: (-0.34407272166114033, -6.896443501051234) to: (-0.34407272166114033, -6.896443501051234)
INFO:root:Sheep moves from: (-4.780322733392689, -7.637225767652662) to: (-4.780322733392689, -7.637225767652662)
INFO:root:Wolf moves from: (0.8654249601999398, -5.809100938200425) to: (0.8654249601999398, -5.809100938200425)
INFO:root:Sheep moves from: (-9.137235283916151, 3.0627256573122956) to: (-9.137235283916151, 3.0627256573122956)
INFO:root:Sheep moves from: (-0.3633553838266188, 8.2576484907148) to: (-0.3633553838266188, 8.2576484907148)
INFO:root:Sheep moves from: (-1.5091965782478036, 8.853596110117522) to: (-1.5091965782478036, 8.853596110117522)
INFO:root:Sheep moves from: (3.197932795504908, -8.351279852963518) to: (3.197932795504908, -8.351279852963518)
INFO:root:Sheep moves from: (8.225864552386476, -1.620650578164259) to: (8.225864552386476, -1.620650578164259)
INFO:root:Sheep moves from: (-5.9675343460464685, 2.635905990603078) to: (-5.9675343460464685, 2.635905990603078)
INFO:root:Sheep moves from: (4.932591131480416, 11.901535503823265) to: (4.932591131480416, 11.901535503823265)
INFO:root:Sheep moves from: (-4.150359978488748, 7.944517932211788) to: (-4.150359978488748, 7.944517932211788)
INFO:root:Sheep moves from: (-9.662080618434338, 0.14368378979206398) to: (-9.662080618434338, 0.14368378979206398)
INFO:root:Sheep moves from: (4.335371660128869, 2.433331951693816) to: (4.335371660128869, 2.433331951693816)
INFO:root:Sheep moves from: (-0.34407272166114033, -6.396443501051234) to: (-0.34407272166114033, -6.396443501051234)
INFO:root:Sheep moves from: (-5.280322733392689, -7.637225767652662) to: (-5.280322733392689, -7.637225767652662)
INFO:root:Wolf moves from: (-0.03412053173758223, -6.245928029776579) to: (-0.03412053173758223, -6.245928029776579)
INFO:root:Sheep moves from: (-8.637235283916151, 3.0627256573122956) to: (-8.637235283916151, 3.0627256573122956)
INFO:root:Sheep moves from: (-0.3633553838266188, 8.7576484907148) to: (-0.3633553838266188, 8.7576484907148)
INFO:root:Sheep moves from: (-1.0091965782478036, 8.853596110117522) to: (-1.0091965782478036, 8.853596110117522)
INFO:root:Sheep moves from: (2.697932795504908, -8.351279852963518) to: (2.697932795504908, -8.351279852963518)
INFO:root:Sheep moves from: (8.725864552386476, -1.620650578164259) to: (8.725864552386476, -1.620650578164259)
INFO:root:Sheep moves from: (-6.4675343460464685, 2.635905990603078) to: (-6.4675343460464685, 2.635905990603078)
INFO:root:Sheep moves from: (5.432591131480416, 11.901535503823265) to: (5.432591131480416, 11.901535503823265)
INFO:root:Sheep moves from: (-4.150359978488748, 7.444517932211788) to: (-4.150359978488748, 7.444517932211788)
INFO:root:Sheep moves from: (-9.162080618434338, 0.14368378979206398) to: (-9.162080618434338, 0.14368378979206398)
INFO:root:Sheep moves from: (3.835371660128869, 2.433331951693816) to: (3.835371660128869, 2.433331951693816)
INFO:root:Sheep moves from: (0.15592727833885967, -6.396443501051234) to: (0.15592727833885967, -6.396443501051234)
INFO:root:Sheep moves from: (-4.780322733392689, -7.637225767652662) to: (-4.780322733392689, -7.637225767652662)
INFO:root:Wolfs move from: (0.15592727833885967, -6.396443501051234) to: (0.15592727833885967, -6.396443501051234)
INFO:root: Sheep 12 has been devoured
INFO:root:Sheep moves from: (-8.637235283916151, 3.5627256573122956) to: (-8.637235283916151, 3.5627256573122956)
INFO:root:Sheep moves from: (-0.3633553838266188, 8.2576484907148) to: (-0.3633553838266188, 8.2576484907148)
INFO:root:Sheep moves from: (-0.5091965782478036, 8.853596110117522) to: (-0.5091965782478036, 8.853596110117522)
INFO:root:Sheep moves from: (3.197932795504908, -8.351279852963518) to: (3.197932795504908, -8.351279852963518)
INFO:root:Sheep moves from: (8.225864552386476, -1.620650578164259) to: (8.225864552386476, -1.620650578164259)
INFO:root:Sheep moves from: (-6.9675343460464685, 2.635905990603078) to: (-6.9675343460464685, 2.635905990603078)
INFO:root:Sheep moves from: (4.932591131480416, 11.901535503823265) to: (4.932591131480416, 11.901535503823265)
INFO:root:Sheep moves from: (-4.150359978488748, 7.944517932211788) to: (-4.150359978488748, 7.944517932211788)
INFO:root:Sheep moves from: (-9.162080618434338, -0.356316210207936) to: (-9.162080618434338, -0.356316210207936)
INFO:root:Sheep moves from: (4.335371660128869, 2.433331951693816) to: (4.335371660128869, 2.433331951693816)
INFO:root:Sheep moves from: (-4.780322733392689, -7.137225767652662) to: (-4.780322733392689, -7.137225767652662)
INFO:root:Wolf moves from: (0.9971986571812704, -6.937056548563582) to: (0.9971986571812704, -6.937056548563582)
INFO:root:Sheep moves from: (-9.137235283916151, 3.5627256573122956) to: (-9.137235283916151, 3.5627256573122956)
INFO:root:Sheep moves from: (-0.8633553838266188, 8.2576484907148) to: (-0.8633553838266188, 8.2576484907148)
INFO:root:Sheep moves from: (-0.009196578247803622, 8.853596110117522) to: (-0.009196578247803622, 8.853596110117522)
INFO:root:Sheep moves from: (3.697932795504908, -8.351279852963518) to: (3.697932795504908, -8.351279852963518)
INFO:root:Sheep moves from: (8.225864552386476, -2.120650578164259) to: (8.225864552386476, -2.120650578164259)
INFO:root:Sheep moves from: (-6.4675343460464685, 2.635905990603078) to: (-6.4675343460464685, 2.635905990603078)
INFO:root:Sheep moves from: (4.432591131480416, 11.901535503823265) to: (4.432591131480416, 11.901535503823265)
INFO:root:Sheep moves from: (-3.6503599784887477, 7.944517932211788) to: (-3.6503599784887477, 7.944517932211788)
INFO:root:Sheep moves from: (-9.662080618434338, -0.356316210207936) to: (-9.662080618434338, -0.356316210207936)
INFO:root:Sheep moves from: (4.335371660128869, 1.933331951693816) to: (4.335371660128869, 1.933331951693816)
INFO:root:Sheep moves from: (-4.780322733392689, -6.637225767652662) to: (-4.780322733392689, -6.637225767652662)
INFO:root:Wolf moves from: (1.8830904467406722, -7.400948494162167) to: (1.8830904467406722, -7.400948494162167)
INFO:root:Sheep moves from: (-9.137235283916151, 3.0627256573122956) to: (-9.137235283916151, 3.0627256573122956)
INFO:root:Sheep moves from: (-0.8633553838266188, 7.7576484907148) to: (-0.8633553838266188, 7.7576484907148)
INFO:root:Sheep moves from: (-0.5091965782478036, 8.853596110117522) to: (-0.5091965782478036, 8.853596110117522)
INFO:root:Sheep moves from: (3.697932795504908, -8.851279852963518) to: (3.697932795504908, -8.851279852963518)
INFO:root:Sheep moves from: (7.725864552386476, -2.120650578164259) to: (7.725864552386476, -2.120650578164259)
INFO:root:Sheep moves from: (-6.4675343460464685, 3.135905990603078) to: (-6.4675343460464685, 3.135905990603078)
INFO:root:Sheep moves from: (4.432591131480416, 12.401535503823265) to: (4.432591131480416, 12.401535503823265)
INFO:root:Sheep moves from: (-3.1503599784887477, 7.944517932211788) to: (-3.1503599784887477, 7.944517932211788)
INFO:root:Sheep moves from: (-9.162080618434338, -0.356316210207936) to: (-9.162080618434338, -0.356316210207936)
INFO:root:Sheep moves from: (4.835371660128869, 1.933331951693816) to: (4.835371660128869, 1.933331951693816)
INFO:root:Sheep moves from: (-4.780322733392689, -6.137225767652662) to: (-4.780322733392689, -6.137225767652662)
INFO:root:Wolf moves from: (2.664283040239879, -8.025238596487988) to: (2.664283040239879, -8.025238596487988)
INFO:root:Sheep moves from: (-9.137235283916151, 3.5627256573122956) to: (-9.137235283916151, 3.5627256573122956)
INFO:root:Sheep moves from: (-0.8633553838266188, 8.2576484907148) to: (-0.8633553838266188, 8.2576484907148)
INFO:root:Sheep moves from: (-0.009196578247803622, 8.853596110117522) to: (-0.009196578247803622, 8.853596110117522)
INFO:root:Sheep moves from: (3.697932795504908, -9.351279852963518) to: (3.697932795504908, -9.351279852963518)
INFO:root:Sheep moves from: (8.225864552386476, -2.120650578164259) to: (8.225864552386476, -2.120650578164259)
INFO:root:Sheep moves from: (-6.9675343460464685, 3.135905990603078) to: (-6.9675343460464685, 3.135905990603078)
INFO:root:Sheep moves from: (4.932591131480416, 12.401535503823265) to: (4.932591131480416, 12.401535503823265)
INFO:root:Sheep moves from: (-3.6503599784887477, 7.944517932211788) to: (-3.6503599784887477, 7.944517932211788)
INFO:root:Sheep moves from: (-9.662080618434338, -0.356316210207936) to: (-9.662080618434338, -0.356316210207936)
INFO:root:Sheep moves from: (4.835371660128869, 2.433331951693816) to: (4.835371660128869, 2.433331951693816)
INFO:root:Sheep moves from: (-4.780322733392689, -6.637225767652662) to: (-4.780322733392689, -6.637225767652662)
INFO:root:Wolf moves from: (3.2790698501170055, -8.81393193258327) to: (3.2790698501170055, -8.81393193258327)
INFO:root:Sheep moves from: (-9.637235283916151, 3.5627256573122956) to: (-9.637235283916151, 3.5627256573122956)
INFO:root:Sheep moves from: (-0.8633553838266188, 8.7576484907148) to: (-0.8633553838266188, 8.7576484907148)
INFO:root:Sheep moves from: (-0.009196578247803622, 8.353596110117522) to: (-0.009196578247803622, 8.353596110117522)
INFO:root:Sheep moves from: (4.197932795504908, -9.351279852963518) to: (4.197932795504908, -9.351279852963518)
INFO:root:Sheep moves from: (8.225864552386476, -2.620650578164259) to: (8.225864552386476, -2.620650578164259)
INFO:root:Sheep moves from: (-6.4675343460464685, 3.135905990603078) to: (-6.4675343460464685, 3.135905990603078)
INFO:root:Sheep moves from: (4.932591131480416, 12.901535503823265) to: (4.932591131480416, 12.901535503823265)
INFO:root:Sheep moves from: (-3.6503599784887477, 7.444517932211788) to: (-3.6503599784887477, 7.444517932211788)
INFO:root:Sheep moves from: (-9.662080618434338, 0.14368378979206398) to: (-9.662080618434338, 0.14368378979206398)
INFO:root:Sheep moves from: (4.835371660128869, 1.933331951693816) to: (4.835371660128869, 1.933331951693816)
INFO:root:Sheep moves from: (-5.280322733392689, -6.637225767652662) to: (-5.280322733392689, -6.637225767652662)
INFO:root:Wolf moves from: (4.142298481653188, -9.318745095739867) to: (4.142298481653188, -9.318745095739867)
INFO:root:Sheep moves from: (-10.137235283916151, 3.5627256573122956) to: (-10.137235283916151, 3.5627256573122956)
INFO:root:Sheep moves from: (-0.8633553838266188, 8.2576484907148) to: (-0.8633553838266188, 8.2576484907148)
INFO:root:Sheep moves from: (-0.009196578247803622, 7.853596110117522) to: (-0.009196578247803622, 7.853596110117522)
INFO:root:Sheep moves from: (3.697932795504908, -9.351279852963518) to: (3.697932795504908, -9.351279852963518)
INFO:root:Sheep moves from: (8.225864552386476, -3.120650578164259) to: (8.225864552386476, -3.120650578164259)
INFO:root:Sheep moves from: (-6.4675343460464685, 2.635905990603078) to: (-6.4675343460464685, 2.635905990603078)
INFO:root:Sheep moves from: (4.932591131480416, 13.401535503823265) to: (4.932591131480416, 13.401535503823265)
INFO:root:Sheep moves from: (-3.6503599784887477, 6.944517932211788) to: (-3.6503599784887477, 6.944517932211788)
INFO:root:Sheep moves from: (-9.662080618434338, 0.643683789792064) to: (-9.662080618434338, 0.643683789792064)
INFO:root:Sheep moves from: (5.335371660128869, 1.933331951693816) to: (5.335371660128869, 1.933331951693816)
INFO:root:Sheep moves from: (-5.280322733392689, -7.137225767652662) to: (-5.280322733392689, -7.137225767652662)
INFO:root:Wolfs move from: (3.697932795504908, -9.351279852963518) to: (3.697932795504908, -9.351279852963518)
INFO:root: Sheep 3 has been devoured
INFO:root:Sheep moves from: (-10.137235283916151, 3.0627256573122956) to: (-10.137235283916151, 3.0627256573122956)
INFO:root:Sheep moves from: (-0.3633553838266188, 8.2576484907148) to: (-0.3633553838266188, 8.2576484907148)
INFO:root:Sheep moves from: (0.4908034217521964, 7.853596110117522) to: (0.4908034217521964, 7.853596110117522)
INFO:root:Sheep moves from: (8.725864552386476, -3.120650578164259) to: (8.725864552386476, -3.120650578164259)
INFO:root:Sheep moves from: (-6.9675343460464685, 2.635905990603078) to: (-6.9675343460464685, 2.635905990603078)
INFO:root:Sheep moves from: (4.432591131480416, 13.401535503823265) to: (4.432591131480416, 13.401535503823265)
INFO:root:Sheep moves from: (-3.6503599784887477, 6.444517932211788) to: (-3.6503599784887477, 6.444517932211788)
INFO:root:Sheep moves from: (-9.662080618434338, 1.143683789792064) to: (-9.662080618434338, 1.143683789792064)
INFO:root:Sheep moves from: (4.835371660128869, 1.933331951693816) to: (4.835371660128869, 1.933331951693816)
INFO:root:Sheep moves from: (-4.780322733392689, -7.137225767652662) to: (-4.780322733392689, -7.137225767652662)
INFO:root:Wolf moves from: (4.325929721350807, -8.573064033843847) to: (4.325929721350807, -8.573064033843847)
INFO:root:Sheep moves from: (-10.637235283916151, 3.0627256573122956) to: (-10.637235283916151, 3.0627256573122956)
INFO:root:Sheep moves from: (-0.3633553838266188, 8.7576484907148) to: (-0.3633553838266188, 8.7576484907148)
INFO:root:Sheep moves from: (-0.009196578247803622, 7.853596110117522) to: (-0.009196578247803622, 7.853596110117522)
INFO:root:Sheep moves from: (9.225864552386476, -3.120650578164259) to: (9.225864552386476, -3.120650578164259)
INFO:root:Sheep moves from: (-6.4675343460464685, 2.635905990603078) to: (-6.4675343460464685, 2.635905990603078)
INFO:root:Sheep moves from: (4.932591131480416, 13.401535503823265) to: (4.932591131480416, 13.401535503823265)
INFO:root:Sheep moves from: (-3.6503599784887477, 5.944517932211788) to: (-3.6503599784887477, 5.944517932211788)
INFO:root:Sheep moves from: (-9.662080618434338, 1.643683789792064) to: (-9.662080618434338, 1.643683789792064)
INFO:root:Sheep moves from: (4.835371660128869, 2.433331951693816) to: (4.835371660128869, 2.433331951693816)
INFO:root:Sheep moves from: (-4.280322733392689, -7.137225767652662) to: (-4.280322733392689, -7.137225767652662)
INFO:root:Wolf moves from: (4.994348822417464, -7.829279182338224) to: (4.994348822417464, -7.829279182338224)
INFO:root:Sheep moves from: (-10.637235283916151, 3.5627256573122956) to: (-10.637235283916151, 3.5627256573122956)
INFO:root:Sheep moves from: (0.1366446161733812, 8.7576484907148) to: (0.1366446161733812, 8.7576484907148)
INFO:root:Sheep moves from: (-0.009196578247803622, 8.353596110117522) to: (-0.009196578247803622, 8.353596110117522)
INFO:root:Sheep moves from: (8.725864552386476, -3.120650578164259) to: (8.725864552386476, -3.120650578164259)
INFO:root:Sheep moves from: (-5.9675343460464685, 2.635905990603078) to: (-5.9675343460464685, 2.635905990603078)
INFO:root:Sheep moves from: (5.432591131480416, 13.401535503823265) to: (5.432591131480416, 13.401535503823265)
INFO:root:Sheep moves from: (-3.1503599784887477, 5.944517932211788) to: (-3.1503599784887477, 5.944517932211788)
INFO:root:Sheep moves from: (-9.662080618434338, 1.143683789792064) to: (-9.662080618434338, 1.143683789792064)
INFO:root:Sheep moves from: (4.835371660128869, 2.933331951693816) to: (4.835371660128869, 2.933331951693816)
INFO:root:Sheep moves from: (-4.280322733392689, -6.637225767652662) to: (-4.280322733392689, -6.637225767652662)
INFO:root:Wolf moves from: (5.615445762305242, -7.045545432100276) to: (5.615445762305242, -7.045545432100276)
INFO:root:Sheep moves from: (-10.137235283916151, 3.5627256573122956) to: (-10.137235283916151, 3.5627256573122956)
INFO:root:Sheep moves from: (0.1366446161733812, 8.2576484907148) to: (0.1366446161733812, 8.2576484907148)
INFO:root:Sheep moves from: (-0.5091965782478036, 8.353596110117522) to: (-0.5091965782478036, 8.353596110117522)
INFO:root:Sheep moves from: (9.225864552386476, -3.120650578164259) to: (9.225864552386476, -3.120650578164259)
INFO:root:Sheep moves from: (-5.4675343460464685, 2.635905990603078) to: (-5.4675343460464685, 2.635905990603078)
INFO:root:Sheep moves from: (5.432591131480416, 12.901535503823265) to: (5.432591131480416, 12.901535503823265)
INFO:root:Sheep moves from: (-3.6503599784887477, 5.944517932211788) to: (-3.6503599784887477, 5.944517932211788)
INFO:root:Sheep moves from: (-9.662080618434338, 0.643683789792064) to: (-9.662080618434338, 0.643683789792064)
INFO:root:Sheep moves from: (4.335371660128869, 2.933331951693816) to: (4.335371660128869, 2.933331951693816)
INFO:root:Sheep moves from: (-4.280322733392689, -6.137225767652662) to: (-4.280322733392689, -6.137225767652662)
INFO:root:Wolf moves from: (6.292453089715421, -6.309569156237441) to: (6.292453089715421, -6.309569156237441)
INFO:root:Sheep moves from: (-9.637235283916151, 3.5627256573122956) to: (-9.637235283916151, 3.5627256573122956)
INFO:root:Sheep moves from: (0.6366446161733812, 8.2576484907148) to: (0.6366446161733812, 8.2576484907148)
INFO:root:Sheep moves from: (-0.5091965782478036, 8.853596110117522) to: (-0.5091965782478036, 8.853596110117522)
INFO:root:Sheep moves from: (8.725864552386476, -3.120650578164259) to: (8.725864552386476, -3.120650578164259)
INFO:root:Sheep moves from: (-5.4675343460464685, 2.135905990603078) to: (-5.4675343460464685, 2.135905990603078)
INFO:root:Sheep moves from: (5.932591131480416, 12.901535503823265) to: (5.932591131480416, 12.901535503823265)
INFO:root:Sheep moves from: (-3.6503599784887477, 5.444517932211788) to: (-3.6503599784887477, 5.444517932211788)
INFO:root:Sheep moves from: (-9.162080618434338, 0.643683789792064) to: (-9.162080618434338, 0.643683789792064)
INFO:root:Sheep moves from: (4.335371660128869, 3.433331951693816) to: (4.335371660128869, 3.433331951693816)
INFO:root:Sheep moves from: (-3.7803227333926888, -6.137225767652662) to: (-3.7803227333926888, -6.137225767652662)
INFO:root:Wolf moves from: (6.899089082858832, -5.51458942578961) to: (6.899089082858832, -5.51458942578961)
INFO:root:Sheep moves from: (-9.637235283916151, 3.0627256573122956) to: (-9.637235283916151, 3.0627256573122956)
INFO:root:Sheep moves from: (0.6366446161733812, 8.7576484907148) to: (0.6366446161733812, 8.7576484907148)
INFO:root:Sheep moves from: (-0.5091965782478036, 9.353596110117522) to: (-0.5091965782478036, 9.353596110117522)
INFO:root:Sheep moves from: (8.725864552386476, -3.620650578164259) to: (8.725864552386476, -3.620650578164259)
INFO:root:Sheep moves from: (-5.4675343460464685, 1.635905990603078) to: (-5.4675343460464685, 1.635905990603078)
INFO:root:Sheep moves from: (5.432591131480416, 12.901535503823265) to: (5.432591131480416, 12.901535503823265)
INFO:root:Sheep moves from: (-3.6503599784887477, 4.944517932211788) to: (-3.6503599784887477, 4.944517932211788)
INFO:root:Sheep moves from: (-8.662080618434338, 0.643683789792064) to: (-8.662080618434338, 0.643683789792064)
INFO:root:Sheep moves from: (4.335371660128869, 2.933331951693816) to: (4.335371660128869, 2.933331951693816)
INFO:root:Sheep moves from: (-3.7803227333926888, -5.637225767652662) to: (-3.7803227333926888, -5.637225767652662)
INFO:root:Wolf moves from: (7.5933186375966635, -4.794835769787425) to: (7.5933186375966635, -4.794835769787425)
INFO:root:Sheep moves from: (-10.137235283916151, 3.0627256573122956) to: (-10.137235283916151, 3.0627256573122956)
INFO:root:Sheep moves from: (0.6366446161733812, 8.2576484907148) to: (0.6366446161733812, 8.2576484907148)
INFO:root:Sheep moves from: (-0.009196578247803622, 9.353596110117522) to: (-0.009196578247803622, 9.353596110117522)
INFO:root:Sheep moves from: (8.725864552386476, -3.120650578164259) to: (8.725864552386476, -3.120650578164259)
INFO:root:Sheep moves from: (-5.9675343460464685, 1.635905990603078) to: (-5.9675343460464685, 1.635905990603078)
INFO:root:Sheep moves from: (5.932591131480416, 12.901535503823265) to: (5.932591131480416, 12.901535503823265)
INFO:root:Sheep moves from: (-3.6503599784887477, 4.444517932211788) to: (-3.6503599784887477, 4.444517932211788)
INFO:root:Sheep moves from: (-8.662080618434338, 1.143683789792064) to: (-8.662080618434338, 1.143683789792064)
INFO:root:Sheep moves from: (4.335371660128869, 3.433331951693816) to: (4.335371660128869, 3.433331951693816)
INFO:root:Sheep moves from: (-4.280322733392689, -5.637225767652662) to: (-4.280322733392689, -5.637225767652662)
INFO:root:Wolf moves from: (8.153631017070436, -3.9665543940409713) to: (8.153631017070436, -3.9665543940409713)
INFO:root:Sheep moves from: (-9.637235283916151, 3.0627256573122956) to: (-9.637235283916151, 3.0627256573122956)
INFO:root:Sheep moves from: (0.1366446161733812, 8.2576484907148) to: (0.1366446161733812, 8.2576484907148)
INFO:root:Sheep moves from: (0.4908034217521964, 9.353596110117522) to: (0.4908034217521964, 9.353596110117522)
INFO:root:Sheep moves from: (9.225864552386476, -3.120650578164259) to: (9.225864552386476, -3.120650578164259)
INFO:root:Sheep moves from: (-5.9675343460464685, 1.135905990603078) to: (-5.9675343460464685, 1.135905990603078)
INFO:root:Sheep moves from: (5.932591131480416, 12.401535503823265) to: (5.932591131480416, 12.401535503823265)
INFO:root:Sheep moves from: (-3.6503599784887477, 4.944517932211788) to: (-3.6503599784887477, 4.944517932211788)
INFO:root:Sheep moves from: (-8.662080618434338, 1.643683789792064) to: (-8.662080618434338, 1.643683789792064)
INFO:root:Sheep moves from: (3.835371660128869, 3.433331951693816) to: (3.835371660128869, 3.433331951693816)
INFO:root:Sheep moves from: (-4.780322733392689, -5.637225767652662) to: (-4.780322733392689, -5.637225767652662)
INFO:root:Wolf moves from: (8.938726098440606, -3.3471791336306382) to: (8.938726098440606, -3.3471791336306382)
INFO:root:Sheep moves from: (-9.637235283916151, 3.5627256573122956) to: (-9.637235283916151, 3.5627256573122956)
INFO:root:Sheep moves from: (0.1366446161733812, 8.7576484907148) to: (0.1366446161733812, 8.7576484907148)
INFO:root:Sheep moves from: (0.4908034217521964, 8.853596110117522) to: (0.4908034217521964, 8.853596110117522)
INFO:root:Sheep moves from: (9.225864552386476, -2.620650578164259) to: (9.225864552386476, -2.620650578164259)
INFO:root:Sheep moves from: (-5.4675343460464685, 1.135905990603078) to: (-5.4675343460464685, 1.135905990603078)
INFO:root:Sheep moves from: (6.432591131480416, 12.401535503823265) to: (6.432591131480416, 12.401535503823265)
INFO:root:Sheep moves from: (-3.6503599784887477, 4.444517932211788) to: (-3.6503599784887477, 4.444517932211788)
INFO:root:Sheep moves from: (-8.662080618434338, 1.143683789792064) to: (-8.662080618434338, 1.143683789792064)
INFO:root:Sheep moves from: (3.335371660128869, 3.433331951693816) to: (3.335371660128869, 3.433331951693816)
INFO:root:Sheep moves from: (-4.280322733392689, -5.637225767652662) to: (-4.280322733392689, -5.637225767652662)
INFO:root:Wolfs move from: (9.225864552386476, -2.620650578164259) to: (9.225864552386476, -2.620650578164259)
INFO:root: Sheep 5 has been devoured
INFO:root:Sheep moves from: (-10.137235283916151, 3.5627256573122956) to: (-10.137235283916151, 3.5627256573122956)
INFO:root:Sheep moves from: (0.6366446161733812, 8.7576484907148) to: (0.6366446161733812, 8.7576484907148)
INFO:root:Sheep moves from: (0.9908034217521964, 8.853596110117522) to: (0.9908034217521964, 8.853596110117522)
INFO:root:Sheep moves from: (-4.9675343460464685, 1.135905990603078) to: (-4.9675343460464685, 1.135905990603078)
INFO:root:Sheep moves from: (6.932591131480416, 12.401535503823265) to: (6.932591131480416, 12.401535503823265)
INFO:root:Sheep moves from: (-4.150359978488748, 4.444517932211788) to: (-4.150359978488748, 4.444517932211788)
INFO:root:Sheep moves from: (-8.662080618434338, 1.643683789792064) to: (-8.662080618434338, 1.643683789792064)
INFO:root:Sheep moves from: (3.335371660128869, 3.933331951693816) to: (3.335371660128869, 3.933331951693816)
INFO:root:Sheep moves from: (-4.280322733392689, -6.137225767652662) to: (-4.280322733392689, -6.137225767652662)
INFO:root:Wolf moves from: (8.55740727823527, -1.8769000335363295) to: (8.55740727823527, -1.8769000335363295)
INFO:root:Sheep moves from: (-10.137235283916151, 3.0627256573122956) to: (-10.137235283916151, 3.0627256573122956)
INFO:root:Sheep moves from: (0.6366446161733812, 9.2576484907148) to: (0.6366446161733812, 9.2576484907148)
INFO:root:Sheep moves from: (1.4908034217521964, 8.853596110117522) to: (1.4908034217521964, 8.853596110117522)
INFO:root:Sheep moves from: (-4.4675343460464685, 1.135905990603078) to: (-4.4675343460464685, 1.135905990603078)
INFO:root:Sheep moves from: (6.932591131480416, 12.901535503823265) to: (6.932591131480416, 12.901535503823265)
INFO:root:Sheep moves from: (-4.650359978488748, 4.444517932211788) to: (-4.650359978488748, 4.444517932211788)
INFO:root:Sheep moves from: (-8.662080618434338, 2.143683789792064) to: (-8.662080618434338, 2.143683789792064)
INFO:root:Sheep moves from: (3.335371660128869, 4.433331951693816) to: (3.335371660128869, 4.433331951693816)
INFO:root:Sheep moves from: (-4.780322733392689, -6.137225767652662) to: (-4.780322733392689, -6.137225767652662)
INFO:root:Wolf moves from: (7.919855892251498, -1.1064921998338355) to: (7.919855892251498, -1.1064921998338355)
INFO:root:Sheep moves from: (-10.137235283916151, 2.5627256573122956) to: (-10.137235283916151, 2.5627256573122956)
INFO:root:Sheep moves from: (0.1366446161733812, 9.2576484907148) to: (0.1366446161733812, 9.2576484907148)
INFO:root:Sheep moves from: (1.4908034217521964, 9.353596110117522) to: (1.4908034217521964, 9.353596110117522)
INFO:root:Sheep moves from: (-4.4675343460464685, 0.635905990603078) to: (-4.4675343460464685, 0.635905990603078)
INFO:root:Sheep moves from: (6.432591131480416, 12.901535503823265) to: (6.432591131480416, 12.901535503823265)
INFO:root:Sheep moves from: (-4.150359978488748, 4.444517932211788) to: (-4.150359978488748, 4.444517932211788)
INFO:root:Sheep moves from: (-8.662080618434338, 2.643683789792064) to: (-8.662080618434338, 2.643683789792064)
INFO:root:Sheep moves from: (2.835371660128869, 4.433331951693816) to: (2.835371660128869, 4.433331951693816)
INFO:root:Sheep moves from: (-4.780322733392689, -6.637225767652662) to: (-4.780322733392689, -6.637225767652662)
INFO:root:Wolf moves from: (7.243675245021195, -0.36975633650749473) to: (7.243675245021195, -0.36975633650749473)
INFO:root:Sheep moves from: (-10.137235283916151, 2.0627256573122956) to: (-10.137235283916151, 2.0627256573122956)
INFO:root:Sheep moves from: (0.1366446161733812, 8.7576484907148) to: (0.1366446161733812, 8.7576484907148)
INFO:root:Sheep moves from: (1.4908034217521964, 9.853596110117522) to: (1.4908034217521964, 9.853596110117522)
INFO:root:Sheep moves from: (-4.9675343460464685, 0.635905990603078) to: (-4.9675343460464685, 0.635905990603078)
INFO:root:Sheep moves from: (5.932591131480416, 12.901535503823265) to: (5.932591131480416, 12.901535503823265)
INFO:root:Sheep moves from: (-4.650359978488748, 4.444517932211788) to: (-4.650359978488748, 4.444517932211788)
INFO:root:Sheep moves from: (-8.662080618434338, 2.143683789792064) to: (-8.662080618434338, 2.143683789792064)
INFO:root:Sheep moves from: (2.335371660128869, 4.433331951693816) to: (2.335371660128869, 4.433331951693816)
INFO:root:Sheep moves from: (-4.780322733392689, -7.137225767652662) to: (-4.780322733392689, -7.137225767652662)
INFO:root:Wolf moves from: (6.528949463819828, 0.3296484516417544) to: (6.528949463819828, 0.3296484516417544)
INFO:root:Sheep moves from: (-10.637235283916151, 2.0627256573122956) to: (-10.637235283916151, 2.0627256573122956)
INFO:root:Sheep moves from: (0.1366446161733812, 8.2576484907148) to: (0.1366446161733812, 8.2576484907148)
INFO:root:Sheep moves from: (1.4908034217521964, 10.353596110117522) to: (1.4908034217521964, 10.353596110117522)
INFO:root:Sheep moves from: (-4.4675343460464685, 0.635905990603078) to: (-4.4675343460464685, 0.635905990603078)
INFO:root:Sheep moves from: (5.932591131480416, 13.401535503823265) to: (5.932591131480416, 13.401535503823265)
INFO:root:Sheep moves from: (-4.150359978488748, 4.444517932211788) to: (-4.150359978488748, 4.444517932211788)
INFO:root:Sheep moves from: (-8.662080618434338, 2.643683789792064) to: (-8.662080618434338, 2.643683789792064)
INFO:root:Sheep moves from: (2.335371660128869, 4.933331951693816) to: (2.335371660128869, 4.933331951693816)
INFO:root:Sheep moves from: (-5.280322733392689, -7.137225767652662) to: (-5.280322733392689, -7.137225767652662)
INFO:root:Wolf moves from: (5.855537509302864, 1.068915886007453) to: (5.855537509302864, 1.068915886007453)
INFO:root:Sheep moves from: (-11.137235283916151, 2.0627256573122956) to: (-11.137235283916151, 2.0627256573122956)
INFO:root:Sheep moves from: (0.1366446161733812, 7.7576484907148) to: (0.1366446161733812, 7.7576484907148)
INFO:root:Sheep moves from: (1.9908034217521964, 10.353596110117522) to: (1.9908034217521964, 10.353596110117522)
INFO:root:Sheep moves from: (-3.9675343460464685, 0.635905990603078) to: (-3.9675343460464685, 0.635905990603078)
INFO:root:Sheep moves from: (5.432591131480416, 13.401535503823265) to: (5.432591131480416, 13.401535503823265)
INFO:root:Sheep moves from: (-4.150359978488748, 3.944517932211788) to: (-4.150359978488748, 3.944517932211788)
INFO:root:Sheep moves from: (-8.662080618434338, 3.143683789792064) to: (-8.662080618434338, 3.143683789792064)
INFO:root:Sheep moves from: (2.835371660128869, 4.933331951693816) to: (2.835371660128869, 4.933331951693816)
INFO:root:Sheep moves from: (-5.780322733392689, -7.137225767652662) to: (-5.780322733392689, -7.137225767652662)
INFO:root:Wolf moves from: (5.239755368455592, 1.8568323504969) to: (5.239755368455592, 1.8568323504969)
INFO:root:Sheep moves from: (-11.137235283916151, 2.5627256573122956) to: (-11.137235283916151, 2.5627256573122956)
INFO:root:Sheep moves from: (0.1366446161733812, 7.2576484907148) to: (0.1366446161733812, 7.2576484907148)
INFO:root:Sheep moves from: (1.9908034217521964, 10.853596110117522) to: (1.9908034217521964, 10.853596110117522)
INFO:root:Sheep moves from: (-4.4675343460464685, 0.635905990603078) to: (-4.4675343460464685, 0.635905990603078)
INFO:root:Sheep moves from: (4.932591131480416, 13.401535503823265) to: (4.932591131480416, 13.401535503823265)
INFO:root:Sheep moves from: (-4.150359978488748, 4.444517932211788) to: (-4.150359978488748, 4.444517932211788)
INFO:root:Sheep moves from: (-8.162080618434338, 3.143683789792064) to: (-8.162080618434338, 3.143683789792064)
INFO:root:Sheep moves from: (2.835371660128869, 5.433331951693816) to: (2.835371660128869, 5.433331951693816)
INFO:root:Sheep moves from: (-6.280322733392689, -7.137225767652662) to: (-6.280322733392689, -7.137225767652662)
INFO:root:Wolf moves from: (4.681838309685395, 2.6867290642710975) to: (4.681838309685395, 2.6867290642710975)
INFO:root:Sheep moves from: (-11.137235283916151, 2.0627256573122956) to: (-11.137235283916151, 2.0627256573122956)
INFO:root:Sheep moves from: (0.1366446161733812, 7.7576484907148) to: (0.1366446161733812, 7.7576484907148)
INFO:root:Sheep moves from: (1.9908034217521964, 10.353596110117522) to: (1.9908034217521964, 10.353596110117522)
INFO:root:Sheep moves from: (-4.4675343460464685, 1.135905990603078) to: (-4.4675343460464685, 1.135905990603078)
INFO:root:Sheep moves from: (5.432591131480416, 13.401535503823265) to: (5.432591131480416, 13.401535503823265)
INFO:root:Sheep moves from: (-4.150359978488748, 4.944517932211788) to: (-4.150359978488748, 4.944517932211788)
INFO:root:Sheep moves from: (-8.662080618434338, 3.143683789792064) to: (-8.662080618434338, 3.143683789792064)
INFO:root:Sheep moves from: (2.835371660128869, 5.933331951693816) to: (2.835371660128869, 5.933331951693816)
INFO:root:Sheep moves from: (-6.280322733392689, -7.637225767652662) to: (-6.280322733392689, -7.637225767652662)
INFO:root:Wolf moves from: (4.187463427748968, 3.5559778641611777) to: (4.187463427748968, 3.5559778641611777)
INFO:root:Sheep moves from: (-11.137235283916151, 1.5627256573122956) to: (-11.137235283916151, 1.5627256573122956)
INFO:root:Sheep moves from: (0.1366446161733812, 7.2576484907148) to: (0.1366446161733812, 7.2576484907148)
INFO:root:Sheep moves from: (1.9908034217521964, 9.853596110117522) to: (1.9908034217521964, 9.853596110117522)
INFO:root:Sheep moves from: (-4.4675343460464685, 0.635905990603078) to: (-4.4675343460464685, 0.635905990603078)
INFO:root:Sheep moves from: (5.432591131480416, 12.901535503823265) to: (5.432591131480416, 12.901535503823265)
INFO:root:Sheep moves from: (-4.150359978488748, 4.444517932211788) to: (-4.150359978488748, 4.444517932211788)
INFO:root:Sheep moves from: (-8.662080618434338, 2.643683789792064) to: (-8.662080618434338, 2.643683789792064)
INFO:root:Sheep moves from: (2.335371660128869, 5.933331951693816) to: (2.335371660128869, 5.933331951693816)
INFO:root:Sheep moves from: (-6.280322733392689, -8.137225767652662) to: (-6.280322733392689, -8.137225767652662)
INFO:root:Wolf moves from: (3.572894774660928, 4.34484120507743) to: (3.572894774660928, 4.34484120507743)
INFO:root:Sheep moves from: (-11.137235283916151, 1.0627256573122956) to: (-11.137235283916151, 1.0627256573122956)
INFO:root:Sheep moves from: (0.1366446161733812, 7.7576484907148) to: (0.1366446161733812, 7.7576484907148)
INFO:root:Sheep moves from: (1.4908034217521964, 9.853596110117522) to: (1.4908034217521964, 9.853596110117522)
INFO:root:Sheep moves from: (-3.9675343460464685, 0.635905990603078) to: (-3.9675343460464685, 0.635905990603078)
INFO:root:Sheep moves from: (5.432591131480416, 13.401535503823265) to: (5.432591131480416, 13.401535503823265)
INFO:root:Sheep moves from: (-4.150359978488748, 4.944517932211788) to: (-4.150359978488748, 4.944517932211788)
INFO:root:Sheep moves from: (-8.162080618434338, 2.643683789792064) to: (-8.162080618434338, 2.643683789792064)
INFO:root:Sheep moves from: (2.835371660128869, 5.933331951693816) to: (2.835371660128869, 5.933331951693816)
INFO:root:Sheep moves from: (-6.280322733392689, -8.637225767652662) to: (-6.280322733392689, -8.637225767652662)
INFO:root:Wolf moves from: (3.151778980589671, 5.251848089276075) to: (3.151778980589671, 5.251848089276075)
INFO:root:Sheep moves from: (-11.137235283916151, 0.5627256573122956) to: (-11.137235283916151, 0.5627256573122956)
INFO:root:Sheep moves from: (0.6366446161733812, 7.7576484907148) to: (0.6366446161733812, 7.7576484907148)
INFO:root:Sheep moves from: (1.9908034217521964, 9.853596110117522) to: (1.9908034217521964, 9.853596110117522)
INFO:root:Sheep moves from: (-3.4675343460464685, 0.635905990603078) to: (-3.4675343460464685, 0.635905990603078)
INFO:root:Sheep moves from: (5.932591131480416, 13.401535503823265) to: (5.932591131480416, 13.401535503823265)
INFO:root:Sheep moves from: (-3.6503599784887477, 4.944517932211788) to: (-3.6503599784887477, 4.944517932211788)
INFO:root:Sheep moves from: (-8.162080618434338, 2.143683789792064) to: (-8.162080618434338, 2.143683789792064)
INFO:root:Sheep moves from: (2.335371660128869, 5.933331951693816) to: (2.335371660128869, 5.933331951693816)
INFO:root:Sheep moves from: (-5.780322733392689, -8.637225767652662) to: (-5.780322733392689, -8.637225767652662)
INFO:root:Wolf moves from: (2.3840872126460115, 5.8926673691292475) to: (2.3840872126460115, 5.8926673691292475)
INFO:root:Sheep moves from: (-11.137235283916151, 0.06272565731229562) to: (-11.137235283916151, 0.06272565731229562)
INFO:root:Sheep moves from: (0.6366446161733812, 7.2576484907148) to: (0.6366446161733812, 7.2576484907148)
INFO:root:Sheep moves from: (2.4908034217521964, 9.853596110117522) to: (2.4908034217521964, 9.853596110117522)
INFO:root:Sheep moves from: (-3.9675343460464685, 0.635905990603078) to: (-3.9675343460464685, 0.635905990603078)
INFO:root:Sheep moves from: (5.432591131480416, 13.401535503823265) to: (5.432591131480416, 13.401535503823265)
INFO:root:Sheep moves from: (-3.1503599784887477, 4.944517932211788) to: (-3.1503599784887477, 4.944517932211788)
INFO:root:Sheep moves from: (-8.162080618434338, 1.643683789792064) to: (-8.162080618434338, 1.643683789792064)
INFO:root:Sheep moves from: (2.335371660128869, 6.433331951693816) to: (2.335371660128869, 6.433331951693816)
INFO:root:Sheep moves from: (-5.780322733392689, -9.137225767652662) to: (-5.780322733392689, -9.137225767652662)
INFO:root:Wolfs move from: (2.335371660128869, 6.433331951693816) to: (2.335371660128869, 6.433331951693816)
INFO:root: Sheep 11 has been devoured
INFO:root:Sheep moves from: (-11.137235283916151, -0.4372743426877044) to: (-11.137235283916151, -0.4372743426877044)
INFO:root:Sheep moves from: (0.1366446161733812, 7.2576484907148) to: (0.1366446161733812, 7.2576484907148)
INFO:root:Sheep moves from: (1.9908034217521964, 9.853596110117522) to: (1.9908034217521964, 9.853596110117522)
INFO:root:Sheep moves from: (-3.9675343460464685, 0.13590599060307795) to: (-3.9675343460464685, 0.13590599060307795)
INFO:root:Sheep moves from: (5.432591131480416, 13.901535503823265) to: (5.432591131480416, 13.901535503823265)
INFO:root:Sheep moves from: (-2.6503599784887477, 4.944517932211788) to: (-2.6503599784887477, 4.944517932211788)
INFO:root:Sheep moves from: (-8.662080618434338, 1.643683789792064) to: (-8.662080618434338, 1.643683789792064)
INFO:root:Sheep moves from: (-5.280322733392689, -9.137225767652662) to: (-5.280322733392689, -9.137225767652662)
INFO:root:Wolf moves from: (1.3990136293195783, 6.7843784416904365) to: (1.3990136293195783, 6.7843784416904365)
INFO:root:Sheep moves from: (-10.637235283916151, -0.4372743426877044) to: (-10.637235283916151, -0.4372743426877044)
INFO:root:Sheep moves from: (-0.3633553838266188, 7.2576484907148) to: (-0.3633553838266188, 7.2576484907148)
INFO:root:Sheep moves from: (2.4908034217521964, 9.853596110117522) to: (2.4908034217521964, 9.853596110117522)
INFO:root:Sheep moves from: (-3.9675343460464685, -0.36409400939692205) to: (-3.9675343460464685, -0.36409400939692205)
INFO:root:Sheep moves from: (5.432591131480416, 14.401535503823265) to: (5.432591131480416, 14.401535503823265)
INFO:root:Sheep moves from: (-2.1503599784887477, 4.944517932211788) to: (-2.1503599784887477, 4.944517932211788)
INFO:root:Sheep moves from: (-8.662080618434338, 1.143683789792064) to: (-8.662080618434338, 1.143683789792064)
INFO:root:Sheep moves from: (-5.780322733392689, -9.137225767652662) to: (-5.780322733392689, -9.137225767652662)
INFO:root:Wolf moves from: (0.4332310746016448, 7.043731592823215) to: (0.4332310746016448, 7.043731592823215)
INFO:root:Sheep moves from: (-10.637235283916151, 0.06272565731229562) to: (-10.637235283916151, 0.06272565731229562)
INFO:root:Sheep moves from: (-0.3633553838266188, 6.7576484907148) to: (-0.3633553838266188, 6.7576484907148)
INFO:root:Sheep moves from: (2.4908034217521964, 10.353596110117522) to: (2.4908034217521964, 10.353596110117522)
INFO:root:Sheep moves from: (-3.9675343460464685, -0.864094009396922) to: (-3.9675343460464685, -0.864094009396922)
INFO:root:Sheep moves from: (5.432591131480416, 13.901535503823265) to: (5.432591131480416, 13.901535503823265)
INFO:root:Sheep moves from: (-2.1503599784887477, 4.444517932211788) to: (-2.1503599784887477, 4.444517932211788)
INFO:root:Sheep moves from: (-9.162080618434338, 1.143683789792064) to: (-9.162080618434338, 1.143683789792064)
INFO:root:Sheep moves from: (-5.780322733392689, -9.637225767652662) to: (-5.780322733392689, -9.637225767652662)
INFO:root:Wolfs move from: (-0.3633553838266188, 6.7576484907148) to: (-0.3633553838266188, 6.7576484907148)
INFO:root: Sheep 1 has been devoured
INFO:root:Sheep moves from: (-11.137235283916151, 0.06272565731229562) to: (-11.137235283916151, 0.06272565731229562)
INFO:root:Sheep moves from: (1.9908034217521964, 10.353596110117522) to: (1.9908034217521964, 10.353596110117522)
INFO:root:Sheep moves from: (-4.4675343460464685, -0.864094009396922) to: (-4.4675343460464685, -0.864094009396922)
INFO:root:Sheep moves from: (5.932591131480416, 13.901535503823265) to: (5.932591131480416, 13.901535503823265)
INFO:root:Sheep moves from: (-1.6503599784887477, 4.444517932211788) to: (-1.6503599784887477, 4.444517932211788)
INFO:root:Sheep moves from: (-9.162080618434338, 0.643683789792064) to: (-9.162080618434338, 0.643683789792064)
INFO:root:Sheep moves from: (-6.280322733392689, -9.637225767652662) to: (-6.280322733392689, -9.637225767652662)
INFO:root:Wolf moves from: (-0.8495559610720027, 5.883801250811706) to: (-0.8495559610720027, 5.883801250811706)
INFO:root:Sheep moves from: (-11.137235283916151, -0.4372743426877044) to: (-11.137235283916151, -0.4372743426877044)
INFO:root:Sheep moves from: (1.9908034217521964, 10.853596110117522) to: (1.9908034217521964, 10.853596110117522)
INFO:root:Sheep moves from: (-3.9675343460464685, -0.864094009396922) to: (-3.9675343460464685, -0.864094009396922)
INFO:root:Sheep moves from: (5.932591131480416, 14.401535503823265) to: (5.932591131480416, 14.401535503823265)
INFO:root:Sheep moves from: (-1.6503599784887477, 3.944517932211788) to: (-1.6503599784887477, 3.944517932211788)
INFO:root:Sheep moves from: (-9.162080618434338, 0.14368378979206398) to: (-9.162080618434338, 0.14368378979206398)
INFO:root:Sheep moves from: (-5.780322733392689, -9.637225767652662) to: (-5.780322733392689, -9.637225767652662)
INFO:root:Wolf moves from: (-1.2312329282541377, 4.959505468757797) to: (-1.2312329282541377, 4.959505468757797)
INFO:root:Sheep moves from: (-11.637235283916151, -0.4372743426877044) to: (-11.637235283916151, -0.4372743426877044)
INFO:root:Sheep moves from: (1.9908034217521964, 11.353596110117522) to: (1.9908034217521964, 11.353596110117522)
INFO:root:Sheep moves from: (-3.9675343460464685, -0.36409400939692205) to: (-3.9675343460464685, -0.36409400939692205)
INFO:root:Sheep moves from: (5.932591131480416, 13.901535503823265) to: (5.932591131480416, 13.901535503823265)
INFO:root:Sheep moves from: (-2.1503599784887477, 3.944517932211788) to: (-2.1503599784887477, 3.944517932211788)
INFO:root:Sheep moves from: (-8.662080618434338, 0.14368378979206398) to: (-8.662080618434338, 0.14368378979206398)
INFO:root:Sheep moves from: (-5.280322733392689, -9.637225767652662) to: (-5.280322733392689, -9.637225767652662)
INFO:root:Wolf moves from: (-1.902469451883258, 4.218262236514633) to: (-1.902469451883258, 4.218262236514633)
INFO:root:Sheep moves from: (-11.637235283916151, -0.9372743426877044) to: (-11.637235283916151, -0.9372743426877044)
INFO:root:Sheep moves from: (2.4908034217521964, 11.353596110117522) to: (2.4908034217521964, 11.353596110117522)
INFO:root:Sheep moves from: (-3.9675343460464685, 0.13590599060307795) to: (-3.9675343460464685, 0.13590599060307795)
INFO:root:Sheep moves from: (5.932591131480416, 14.401535503823265) to: (5.932591131480416, 14.401535503823265)
INFO:root:Sheep moves from: (-1.6503599784887477, 3.944517932211788) to: (-1.6503599784887477, 3.944517932211788)
INFO:root:Sheep moves from: (-8.162080618434338, 0.14368378979206398) to: (-8.162080618434338, 0.14368378979206398)
INFO:root:Sheep moves from: (-5.280322733392689, -9.137225767652662) to: (-5.280322733392689, -9.137225767652662)
INFO:root:Wolfs move from: (-1.6503599784887477, 3.944517932211788) to: (-1.6503599784887477, 3.944517932211788)
INFO:root: Sheep 8 has been devoured
